Copyright 1986-2018 Xilinx, Inc. All Rights Reserved.
------------------------------------------------------------------------------------
| Tool Version : Vivado v.2018.3 (win64) Build 2405991 Thu Dec  6 23:38:27 MST 2018
| Date         : Mon Nov  4 02:48:25 2019
| Host         : LAPTOP-BPH9JTK4 running 64-bit major release  (build 9200)
| Command      : upgrade_ip
| Device       : xc7z020clg400-1
------------------------------------------------------------------------------------

Upgrade Log for IP 'design_1_hash_0_0'

1. Summary
----------

SUCCESS in the conversion of design_1_hash_0_0 (xilinx.com:user:hash:1.0 (Rev. 2)) to Vivado generation flows.






Copyright 1986-2018 Xilinx, Inc. All Rights Reserved.
------------------------------------------------------------------------------------
| Tool Version : Vivado v.2018.3 (win64) Build 2405991 Thu Dec  6 23:38:27 MST 2018
| Date         : Mon Nov  4 01:28:05 2019
| Host         : LAPTOP-BPH9JTK4 running 64-bit major release  (build 9200)
| Command      : upgrade_ip
| Device       : xc7z020clg400-1
------------------------------------------------------------------------------------

Upgrade Log for IP 'design_1_hash_0_0'

1. Summary
----------

SUCCESS in the conversion of design_1_hash_0_0 (xilinx.com:user:hash:1.0 (Rev. 2)) to Vivado generation flows.






Copyright 1986-2018 Xilinx, Inc. All Rights Reserved.
------------------------------------------------------------------------------------
| Tool Version : Vivado v.2018.3 (win64) Build 2405991 Thu Dec  6 23:38:27 MST 2018
| Date         : Mon Nov  4 00:33:45 2019
| Host         : LAPTOP-BPH9JTK4 running 64-bit major release  (build 9200)
| Command      : upgrade_ip
| Device       : xc7z020clg400-1
------------------------------------------------------------------------------------

Upgrade Log for IP 'design_1_hash_0_0'

1. Summary
----------

SUCCESS in the conversion of design_1_hash_0_0 (xilinx.com:user:hash:1.0 (Rev. 2)) to Vivado generation flows.

