Vivado Simulator 2019.1
Time resolution is 1 ps
WARNING: "D:\Vivado\Vivado\2019.1\data/verilog/src/unisims/FDCE.v" Line 160: Timing violation in scope /AES_tb/AES_encrypt/counter_reg[0]/TChk160_4720 at time 1527644 ps $recrem (negedge CLR,posedge C,(0:0:0),(0:0:0),notifier,rst_clk_enable_p,rst_clk_enable_p,CLR_dly,C_dly) 
WARNING: "D:\Vivado\Vivado\2019.1\data/verilog/src/unisims/FDCE.v" Line 160: Timing violation in scope /AES_tb/AES_encrypt/reg_Key_reg[100]/TChk160_4720 at time 1527644 ps $recrem (negedge CLR,posedge C,(0:0:0),(0:0:0),notifier,rst_clk_enable_p,rst_clk_enable_p,CLR_dly,C_dly) 
WARNING: "D:\Vivado\Vivado\2019.1\data/verilog/src/unisims/FDCE.v" Line 160: Timing violation in scope /AES_tb/AES_encrypt/reg_Key_reg[101]/TChk160_4720 at time 1527644 ps $recrem (negedge CLR,posedge C,(0:0:0),(0:0:0),notifier,rst_clk_enable_p,rst_clk_enable_p,CLR_dly,C_dly) 
WARNING: "D:\Vivado\Vivado\2019.1\data/verilog/src/unisims/FDCE.v" Line 160: Timing violation in scope /AES_tb/AES_encrypt/reg_Key_reg[103]/TChk160_4720 at time 1527644 ps $recrem (negedge CLR,posedge C,(0:0:0),(0:0:0),notifier,rst_clk_enable_p,rst_clk_enable_p,CLR_dly,C_dly) 
WARNING: "D:\Vivado\Vivado\2019.1\data/verilog/src/unisims/FDCE.v" Line 160: Timing violation in scope /AES_tb/AES_encrypt/reg_Key_reg[107]/TChk160_4720 at time 1527644 ps $recrem (negedge CLR,posedge C,(0:0:0),(0:0:0),notifier,rst_clk_enable_p,rst_clk_enable_p,CLR_dly,C_dly) 
WARNING: "D:\Vivado\Vivado\2019.1\data/verilog/src/unisims/FDCE.v" Line 160: Timing violation in scope /AES_tb/AES_encrypt/reg_Key_reg[10]/TChk160_4720 at time 1527644 ps $recrem (negedge CLR,posedge C,(0:0:0),(0:0:0),notifier,rst_clk_enable_p,rst_clk_enable_p,CLR_dly,C_dly) 
WARNING: "D:\Vivado\Vivado\2019.1\data/verilog/src/unisims/FDCE.v" Line 160: Timing violation in scope /AES_tb/AES_encrypt/reg_Key_reg[111]/TChk160_4720 at time 1527644 ps $recrem (negedge CLR,posedge C,(0:0:0),(0:0:0),notifier,rst_clk_enable_p,rst_clk_enable_p,CLR_dly,C_dly) 
WARNING: "D:\Vivado\Vivado\2019.1\data/verilog/src/unisims/FDCE.v" Line 160: Timing violation in scope /AES_tb/AES_encrypt/reg_Key_reg[120]/TChk160_4720 at time 1527644 ps $recrem (negedge CLR,posedge C,(0:0:0),(0:0:0),notifier,rst_clk_enable_p,rst_clk_enable_p,CLR_dly,C_dly) 
WARNING: "D:\Vivado\Vivado\2019.1\data/verilog/src/unisims/FDCE.v" Line 160: Timing violation in scope /AES_tb/AES_encrypt/reg_Key_reg[121]/TChk160_4720 at time 1527644 ps $recrem (negedge CLR,posedge C,(0:0:0),(0:0:0),notifier,rst_clk_enable_p,rst_clk_enable_p,CLR_dly,C_dly) 
WARNING: "D:\Vivado\Vivado\2019.1\data/verilog/src/unisims/FDCE.v" Line 160: Timing violation in scope /AES_tb/AES_encrypt/reg_Key_reg[122]/TChk160_4720 at time 1527644 ps $recrem (negedge CLR,posedge C,(0:0:0),(0:0:0),notifier,rst_clk_enable_p,rst_clk_enable_p,CLR_dly,C_dly) 
WARNING: "D:\Vivado\Vivado\2019.1\data/verilog/src/unisims/FDCE.v" Line 160: Timing violation in scope /AES_tb/AES_encrypt/reg_Key_reg[127]/TChk160_4720 at time 1527644 ps $recrem (negedge CLR,posedge C,(0:0:0),(0:0:0),notifier,rst_clk_enable_p,rst_clk_enable_p,CLR_dly,C_dly) 
WARNING: "D:\Vivado\Vivado\2019.1\data/verilog/src/unisims/FDCE.v" Line 160: Timing violation in scope /AES_tb/AES_encrypt/reg_Key_reg[12]/TChk160_4720 at time 1527644 ps $recrem (negedge CLR,posedge C,(0:0:0),(0:0:0),notifier,rst_clk_enable_p,rst_clk_enable_p,CLR_dly,C_dly) 
WARNING: "D:\Vivado\Vivado\2019.1\data/verilog/src/unisims/FDCE.v" Line 160: Timing violation in scope /AES_tb/AES_encrypt/reg_Key_reg[13]/TChk160_4720 at time 1527644 ps $recrem (negedge CLR,posedge C,(0:0:0),(0:0:0),notifier,rst_clk_enable_p,rst_clk_enable_p,CLR_dly,C_dly) 
WARNING: "D:\Vivado\Vivado\2019.1\data/verilog/src/unisims/FDCE.v" Line 160: Timing violation in scope /AES_tb/AES_encrypt/reg_Key_reg[16]/TChk160_4720 at time 1527644 ps $recrem (negedge CLR,posedge C,(0:0:0),(0:0:0),notifier,rst_clk_enable_p,rst_clk_enable_p,CLR_dly,C_dly) 
WARNING: "D:\Vivado\Vivado\2019.1\data/verilog/src/unisims/FDCE.v" Line 160: Timing violation in scope /AES_tb/AES_encrypt/reg_Key_reg[20]/TChk160_4720 at time 1527644 ps $recrem (negedge CLR,posedge C,(0:0:0),(0:0:0),notifier,rst_clk_enable_p,rst_clk_enable_p,CLR_dly,C_dly) 
WARNING: "D:\Vivado\Vivado\2019.1\data/verilog/src/unisims/FDCE.v" Line 160: Timing violation in scope /AES_tb/AES_encrypt/reg_Key_reg[21]/TChk160_4720 at time 1527644 ps $recrem (negedge CLR,posedge C,(0:0:0),(0:0:0),notifier,rst_clk_enable_p,rst_clk_enable_p,CLR_dly,C_dly) 
WARNING: "D:\Vivado\Vivado\2019.1\data/verilog/src/unisims/FDCE.v" Line 160: Timing violation in scope /AES_tb/AES_encrypt/reg_Key_reg[24]/TChk160_4720 at time 1527644 ps $recrem (negedge CLR,posedge C,(0:0:0),(0:0:0),notifier,rst_clk_enable_p,rst_clk_enable_p,CLR_dly,C_dly) 
WARNING: "D:\Vivado\Vivado\2019.1\data/verilog/src/unisims/FDCE.v" Line 160: Timing violation in scope /AES_tb/AES_encrypt/reg_Key_reg[25]/TChk160_4720 at time 1527644 ps $recrem (negedge CLR,posedge C,(0:0:0),(0:0:0),notifier,rst_clk_enable_p,rst_clk_enable_p,CLR_dly,C_dly) 
WARNING: "D:\Vivado\Vivado\2019.1\data/verilog/src/unisims/FDCE.v" Line 160: Timing violation in scope /AES_tb/AES_encrypt/reg_Key_reg[28]/TChk160_4720 at time 1527644 ps $recrem (negedge CLR,posedge C,(0:0:0),(0:0:0),notifier,rst_clk_enable_p,rst_clk_enable_p,CLR_dly,C_dly) 
WARNING: "D:\Vivado\Vivado\2019.1\data/verilog/src/unisims/FDCE.v" Line 160: Timing violation in scope /AES_tb/AES_encrypt/reg_Key_reg[2]/TChk160_4720 at time 1527644 ps $recrem (negedge CLR,posedge C,(0:0:0),(0:0:0),notifier,rst_clk_enable_p,rst_clk_enable_p,CLR_dly,C_dly) 
WARNING: "D:\Vivado\Vivado\2019.1\data/verilog/src/unisims/FDCE.v" Line 160: Timing violation in scope /AES_tb/AES_encrypt/reg_Key_reg[32]/TChk160_4720 at time 1527644 ps $recrem (negedge CLR,posedge C,(0:0:0),(0:0:0),notifier,rst_clk_enable_p,rst_clk_enable_p,CLR_dly,C_dly) 
WARNING: "D:\Vivado\Vivado\2019.1\data/verilog/src/unisims/FDCE.v" Line 160: Timing violation in scope /AES_tb/AES_encrypt/reg_Key_reg[34]/TChk160_4720 at time 1527644 ps $recrem (negedge CLR,posedge C,(0:0:0),(0:0:0),notifier,rst_clk_enable_p,rst_clk_enable_p,CLR_dly,C_dly) 
WARNING: "D:\Vivado\Vivado\2019.1\data/verilog/src/unisims/FDCE.v" Line 160: Timing violation in scope /AES_tb/AES_encrypt/reg_Key_reg[36]/TChk160_4720 at time 1527644 ps $recrem (negedge CLR,posedge C,(0:0:0),(0:0:0),notifier,rst_clk_enable_p,rst_clk_enable_p,CLR_dly,C_dly) 
WARNING: "D:\Vivado\Vivado\2019.1\data/verilog/src/unisims/FDCE.v" Line 160: Timing violation in scope /AES_tb/AES_encrypt/reg_Key_reg[37]/TChk160_4720 at time 1527644 ps $recrem (negedge CLR,posedge C,(0:0:0),(0:0:0),notifier,rst_clk_enable_p,rst_clk_enable_p,CLR_dly,C_dly) 
WARNING: "D:\Vivado\Vivado\2019.1\data/verilog/src/unisims/FDCE.v" Line 160: Timing violation in scope /AES_tb/AES_encrypt/reg_Key_reg[38]/TChk160_4720 at time 1527644 ps $recrem (negedge CLR,posedge C,(0:0:0),(0:0:0),notifier,rst_clk_enable_p,rst_clk_enable_p,CLR_dly,C_dly) 
WARNING: "D:\Vivado\Vivado\2019.1\data/verilog/src/unisims/FDCE.v" Line 160: Timing violation in scope /AES_tb/AES_encrypt/reg_Key_reg[40]/TChk160_4720 at time 1527644 ps $recrem (negedge CLR,posedge C,(0:0:0),(0:0:0),notifier,rst_clk_enable_p,rst_clk_enable_p,CLR_dly,C_dly) 
WARNING: "D:\Vivado\Vivado\2019.1\data/verilog/src/unisims/FDCE.v" Line 160: Timing violation in scope /AES_tb/AES_encrypt/reg_Key_reg[42]/TChk160_4720 at time 1527644 ps $recrem (negedge CLR,posedge C,(0:0:0),(0:0:0),notifier,rst_clk_enable_p,rst_clk_enable_p,CLR_dly,C_dly) 
WARNING: "D:\Vivado\Vivado\2019.1\data/verilog/src/unisims/FDCE.v" Line 160: Timing violation in scope /AES_tb/AES_encrypt/reg_Key_reg[44]/TChk160_4720 at time 1527644 ps $recrem (negedge CLR,posedge C,(0:0:0),(0:0:0),notifier,rst_clk_enable_p,rst_clk_enable_p,CLR_dly,C_dly) 
WARNING: "D:\Vivado\Vivado\2019.1\data/verilog/src/unisims/FDCE.v" Line 160: Timing violation in scope /AES_tb/AES_encrypt/reg_Key_reg[45]/TChk160_4720 at time 1527644 ps $recrem (negedge CLR,posedge C,(0:0:0),(0:0:0),notifier,rst_clk_enable_p,rst_clk_enable_p,CLR_dly,C_dly) 
WARNING: "D:\Vivado\Vivado\2019.1\data/verilog/src/unisims/FDCE.v" Line 160: Timing violation in scope /AES_tb/AES_encrypt/reg_Key_reg[46]/TChk160_4720 at time 1527644 ps $recrem (negedge CLR,posedge C,(0:0:0),(0:0:0),notifier,rst_clk_enable_p,rst_clk_enable_p,CLR_dly,C_dly) 
WARNING: "D:\Vivado\Vivado\2019.1\data/verilog/src/unisims/FDCE.v" Line 160: Timing violation in scope /AES_tb/AES_encrypt/reg_Key_reg[49]/TChk160_4720 at time 1527644 ps $recrem (negedge CLR,posedge C,(0:0:0),(0:0:0),notifier,rst_clk_enable_p,rst_clk_enable_p,CLR_dly,C_dly) 
WARNING: "D:\Vivado\Vivado\2019.1\data/verilog/src/unisims/FDCE.v" Line 160: Timing violation in scope /AES_tb/AES_encrypt/reg_Key_reg[53]/TChk160_4720 at time 1527644 ps $recrem (negedge CLR,posedge C,(0:0:0),(0:0:0),notifier,rst_clk_enable_p,rst_clk_enable_p,CLR_dly,C_dly) 
WARNING: "D:\Vivado\Vivado\2019.1\data/verilog/src/unisims/FDCE.v" Line 160: Timing violation in scope /AES_tb/AES_encrypt/reg_Key_reg[54]/TChk160_4720 at time 1527644 ps $recrem (negedge CLR,posedge C,(0:0:0),(0:0:0),notifier,rst_clk_enable_p,rst_clk_enable_p,CLR_dly,C_dly) 
WARNING: "D:\Vivado\Vivado\2019.1\data/verilog/src/unisims/FDCE.v" Line 160: Timing violation in scope /AES_tb/AES_encrypt/reg_Key_reg[55]/TChk160_4720 at time 1527644 ps $recrem (negedge CLR,posedge C,(0:0:0),(0:0:0),notifier,rst_clk_enable_p,rst_clk_enable_p,CLR_dly,C_dly) 
WARNING: "D:\Vivado\Vivado\2019.1\data/verilog/src/unisims/FDCE.v" Line 160: Timing violation in scope /AES_tb/AES_encrypt/reg_Key_reg[57]/TChk160_4720 at time 1527644 ps $recrem (negedge CLR,posedge C,(0:0:0),(0:0:0),notifier,rst_clk_enable_p,rst_clk_enable_p,CLR_dly,C_dly) 
WARNING: "D:\Vivado\Vivado\2019.1\data/verilog/src/unisims/FDCE.v" Line 160: Timing violation in scope /AES_tb/AES_encrypt/reg_Key_reg[59]/TChk160_4720 at time 1527644 ps $recrem (negedge CLR,posedge C,(0:0:0),(0:0:0),notifier,rst_clk_enable_p,rst_clk_enable_p,CLR_dly,C_dly) 
WARNING: "D:\Vivado\Vivado\2019.1\data/verilog/src/unisims/FDCE.v" Line 160: Timing violation in scope /AES_tb/AES_encrypt/reg_Key_reg[5]/TChk160_4720 at time 1527644 ps $recrem (negedge CLR,posedge C,(0:0:0),(0:0:0),notifier,rst_clk_enable_p,rst_clk_enable_p,CLR_dly,C_dly) 
WARNING: "D:\Vivado\Vivado\2019.1\data/verilog/src/unisims/FDCE.v" Line 160: Timing violation in scope /AES_tb/AES_encrypt/reg_Key_reg[61]/TChk160_4720 at time 1527644 ps $recrem (negedge CLR,posedge C,(0:0:0),(0:0:0),notifier,rst_clk_enable_p,rst_clk_enable_p,CLR_dly,C_dly) 
WARNING: "D:\Vivado\Vivado\2019.1\data/verilog/src/unisims/FDCE.v" Line 160: Timing violation in scope /AES_tb/AES_encrypt/reg_Key_reg[63]/TChk160_4720 at time 1527644 ps $recrem (negedge CLR,posedge C,(0:0:0),(0:0:0),notifier,rst_clk_enable_p,rst_clk_enable_p,CLR_dly,C_dly) 
WARNING: "D:\Vivado\Vivado\2019.1\data/verilog/src/unisims/FDCE.v" Line 160: Timing violation in scope /AES_tb/AES_encrypt/reg_Key_reg[65]/TChk160_4720 at time 1527644 ps $recrem (negedge CLR,posedge C,(0:0:0),(0:0:0),notifier,rst_clk_enable_p,rst_clk_enable_p,CLR_dly,C_dly) 
WARNING: "D:\Vivado\Vivado\2019.1\data/verilog/src/unisims/FDCE.v" Line 160: Timing violation in scope /AES_tb/AES_encrypt/reg_Key_reg[69]/TChk160_4720 at time 1527644 ps $recrem (negedge CLR,posedge C,(0:0:0),(0:0:0),notifier,rst_clk_enable_p,rst_clk_enable_p,CLR_dly,C_dly) 
WARNING: "D:\Vivado\Vivado\2019.1\data/verilog/src/unisims/FDCE.v" Line 160: Timing violation in scope /AES_tb/AES_encrypt/reg_Key_reg[71]/TChk160_4720 at time 1527644 ps $recrem (negedge CLR,posedge C,(0:0:0),(0:0:0),notifier,rst_clk_enable_p,rst_clk_enable_p,CLR_dly,C_dly) 
WARNING: "D:\Vivado\Vivado\2019.1\data/verilog/src/unisims/FDCE.v" Line 160: Timing violation in scope /AES_tb/AES_encrypt/reg_Key_reg[73]/TChk160_4720 at time 1527644 ps $recrem (negedge CLR,posedge C,(0:0:0),(0:0:0),notifier,rst_clk_enable_p,rst_clk_enable_p,CLR_dly,C_dly) 
WARNING: "D:\Vivado\Vivado\2019.1\data/verilog/src/unisims/FDCE.v" Line 160: Timing violation in scope /AES_tb/AES_encrypt/reg_Key_reg[74]/TChk160_4720 at time 1527644 ps $recrem (negedge CLR,posedge C,(0:0:0),(0:0:0),notifier,rst_clk_enable_p,rst_clk_enable_p,CLR_dly,C_dly) 
WARNING: "D:\Vivado\Vivado\2019.1\data/verilog/src/unisims/FDCE.v" Line 160: Timing violation in scope /AES_tb/AES_encrypt/reg_Key_reg[76]/TChk160_4720 at time 1527644 ps $recrem (negedge CLR,posedge C,(0:0:0),(0:0:0),notifier,rst_clk_enable_p,rst_clk_enable_p,CLR_dly,C_dly) 
WARNING: "D:\Vivado\Vivado\2019.1\data/verilog/src/unisims/FDCE.v" Line 160: Timing violation in scope /AES_tb/AES_encrypt/reg_Key_reg[78]/TChk160_4720 at time 1527644 ps $recrem (negedge CLR,posedge C,(0:0:0),(0:0:0),notifier,rst_clk_enable_p,rst_clk_enable_p,CLR_dly,C_dly) 
WARNING: "D:\Vivado\Vivado\2019.1\data/verilog/src/unisims/FDCE.v" Line 160: Timing violation in scope /AES_tb/AES_encrypt/reg_Key_reg[81]/TChk160_4720 at time 1527644 ps $recrem (negedge CLR,posedge C,(0:0:0),(0:0:0),notifier,rst_clk_enable_p,rst_clk_enable_p,CLR_dly,C_dly) 
WARNING: "D:\Vivado\Vivado\2019.1\data/verilog/src/unisims/FDCE.v" Line 160: Timing violation in scope /AES_tb/AES_encrypt/reg_Key_reg[84]/TChk160_4720 at time 1527644 ps $recrem (negedge CLR,posedge C,(0:0:0),(0:0:0),notifier,rst_clk_enable_p,rst_clk_enable_p,CLR_dly,C_dly) 
WARNING: "D:\Vivado\Vivado\2019.1\data/verilog/src/unisims/FDCE.v" Line 160: Timing violation in scope /AES_tb/AES_encrypt/reg_Key_reg[90]/TChk160_4720 at time 1527644 ps $recrem (negedge CLR,posedge C,(0:0:0),(0:0:0),notifier,rst_clk_enable_p,rst_clk_enable_p,CLR_dly,C_dly) 
WARNING: "D:\Vivado\Vivado\2019.1\data/verilog/src/unisims/FDCE.v" Line 160: Timing violation in scope /AES_tb/AES_encrypt/reg_Key_reg[92]/TChk160_4720 at time 1527644 ps $recrem (negedge CLR,posedge C,(0:0:0),(0:0:0),notifier,rst_clk_enable_p,rst_clk_enable_p,CLR_dly,C_dly) 
WARNING: "D:\Vivado\Vivado\2019.1\data/verilog/src/unisims/FDCE.v" Line 160: Timing violation in scope /AES_tb/AES_encrypt/reg_Key_reg[94]/TChk160_4720 at time 1527644 ps $recrem (negedge CLR,posedge C,(0:0:0),(0:0:0),notifier,rst_clk_enable_p,rst_clk_enable_p,CLR_dly,C_dly) 
WARNING: "D:\Vivado\Vivado\2019.1\data/verilog/src/unisims/FDCE.v" Line 160: Timing violation in scope /AES_tb/AES_encrypt/reg_Key_reg[96]/TChk160_4720 at time 1527644 ps $recrem (negedge CLR,posedge C,(0:0:0),(0:0:0),notifier,rst_clk_enable_p,rst_clk_enable_p,CLR_dly,C_dly) 
WARNING: "D:\Vivado\Vivado\2019.1\data/verilog/src/unisims/FDCE.v" Line 160: Timing violation in scope /AES_tb/AES_encrypt/reg_Key_reg[97]/TChk160_4720 at time 1527644 ps $recrem (negedge CLR,posedge C,(0:0:0),(0:0:0),notifier,rst_clk_enable_p,rst_clk_enable_p,CLR_dly,C_dly) 
WARNING: "D:\Vivado\Vivado\2019.1\data/verilog/src/unisims/FDCE.v" Line 160: Timing violation in scope /AES_tb/AES_encrypt/reg_in_reg[0]/TChk160_4720 at time 1527644 ps $recrem (negedge CLR,posedge C,(0:0:0),(0:0:0),notifier,rst_clk_enable_p,rst_clk_enable_p,CLR_dly,C_dly) 
WARNING: "D:\Vivado\Vivado\2019.1\data/verilog/src/unisims/FDCE.v" Line 160: Timing violation in scope /AES_tb/AES_encrypt/reg_in_reg[100]/TChk160_4720 at time 1527644 ps $recrem (negedge CLR,posedge C,(0:0:0),(0:0:0),notifier,rst_clk_enable_p,rst_clk_enable_p,CLR_dly,C_dly) 
WARNING: "D:\Vivado\Vivado\2019.1\data/verilog/src/unisims/FDCE.v" Line 160: Timing violation in scope /AES_tb/AES_encrypt/reg_in_reg[102]/TChk160_4720 at time 1527644 ps $recrem (negedge CLR,posedge C,(0:0:0),(0:0:0),notifier,rst_clk_enable_p,rst_clk_enable_p,CLR_dly,C_dly) 
WARNING: "D:\Vivado\Vivado\2019.1\data/verilog/src/unisims/FDCE.v" Line 160: Timing violation in scope /AES_tb/AES_encrypt/reg_in_reg[103]/TChk160_4720 at time 1527644 ps $recrem (negedge CLR,posedge C,(0:0:0),(0:0:0),notifier,rst_clk_enable_p,rst_clk_enable_p,CLR_dly,C_dly) 
WARNING: "D:\Vivado\Vivado\2019.1\data/verilog/src/unisims/FDCE.v" Line 160: Timing violation in scope /AES_tb/AES_encrypt/reg_in_reg[106]/TChk160_4720 at time 1527644 ps $recrem (negedge CLR,posedge C,(0:0:0),(0:0:0),notifier,rst_clk_enable_p,rst_clk_enable_p,CLR_dly,C_dly) 
WARNING: "D:\Vivado\Vivado\2019.1\data/verilog/src/unisims/FDCE.v" Line 160: Timing violation in scope /AES_tb/AES_encrypt/reg_in_reg[107]/TChk160_4720 at time 1527644 ps $recrem (negedge CLR,posedge C,(0:0:0),(0:0:0),notifier,rst_clk_enable_p,rst_clk_enable_p,CLR_dly,C_dly) 
WARNING: "D:\Vivado\Vivado\2019.1\data/verilog/src/unisims/FDCE.v" Line 160: Timing violation in scope /AES_tb/AES_encrypt/reg_in_reg[108]/TChk160_4720 at time 1527644 ps $recrem (negedge CLR,posedge C,(0:0:0),(0:0:0),notifier,rst_clk_enable_p,rst_clk_enable_p,CLR_dly,C_dly) 
WARNING: "D:\Vivado\Vivado\2019.1\data/verilog/src/unisims/FDCE.v" Line 160: Timing violation in scope /AES_tb/AES_encrypt/reg_in_reg[109]/TChk160_4720 at time 1527644 ps $recrem (negedge CLR,posedge C,(0:0:0),(0:0:0),notifier,rst_clk_enable_p,rst_clk_enable_p,CLR_dly,C_dly) 
WARNING: "D:\Vivado\Vivado\2019.1\data/verilog/src/unisims/FDCE.v" Line 160: Timing violation in scope /AES_tb/AES_encrypt/reg_in_reg[111]/TChk160_4720 at time 1527644 ps $recrem (negedge CLR,posedge C,(0:0:0),(0:0:0),notifier,rst_clk_enable_p,rst_clk_enable_p,CLR_dly,C_dly) 
WARNING: "D:\Vivado\Vivado\2019.1\data/verilog/src/unisims/FDCE.v" Line 160: Timing violation in scope /AES_tb/AES_encrypt/reg_in_reg[112]/TChk160_4720 at time 1527644 ps $recrem (negedge CLR,posedge C,(0:0:0),(0:0:0),notifier,rst_clk_enable_p,rst_clk_enable_p,CLR_dly,C_dly) 
WARNING: "D:\Vivado\Vivado\2019.1\data/verilog/src/unisims/FDCE.v" Line 160: Timing violation in scope /AES_tb/AES_encrypt/reg_in_reg[116]/TChk160_4720 at time 1527644 ps $recrem (negedge CLR,posedge C,(0:0:0),(0:0:0),notifier,rst_clk_enable_p,rst_clk_enable_p,CLR_dly,C_dly) 
WARNING: "D:\Vivado\Vivado\2019.1\data/verilog/src/unisims/FDCE.v" Line 160: Timing violation in scope /AES_tb/AES_encrypt/reg_in_reg[117]/TChk160_4720 at time 1527644 ps $recrem (negedge CLR,posedge C,(0:0:0),(0:0:0),notifier,rst_clk_enable_p,rst_clk_enable_p,CLR_dly,C_dly) 
WARNING: "D:\Vivado\Vivado\2019.1\data/verilog/src/unisims/FDCE.v" Line 160: Timing violation in scope /AES_tb/AES_encrypt/reg_in_reg[118]/TChk160_4720 at time 1527644 ps $recrem (negedge CLR,posedge C,(0:0:0),(0:0:0),notifier,rst_clk_enable_p,rst_clk_enable_p,CLR_dly,C_dly) 
WARNING: "D:\Vivado\Vivado\2019.1\data/verilog/src/unisims/FDCE.v" Line 160: Timing violation in scope /AES_tb/AES_encrypt/reg_in_reg[119]/TChk160_4720 at time 1527644 ps $recrem (negedge CLR,posedge C,(0:0:0),(0:0:0),notifier,rst_clk_enable_p,rst_clk_enable_p,CLR_dly,C_dly) 
WARNING: "D:\Vivado\Vivado\2019.1\data/verilog/src/unisims/FDCE.v" Line 160: Timing violation in scope /AES_tb/AES_encrypt/reg_in_reg[122]/TChk160_4720 at time 1527644 ps $recrem (negedge CLR,posedge C,(0:0:0),(0:0:0),notifier,rst_clk_enable_p,rst_clk_enable_p,CLR_dly,C_dly) 
WARNING: "D:\Vivado\Vivado\2019.1\data/verilog/src/unisims/FDCE.v" Line 160: Timing violation in scope /AES_tb/AES_encrypt/reg_in_reg[123]/TChk160_4720 at time 1527644 ps $recrem (negedge CLR,posedge C,(0:0:0),(0:0:0),notifier,rst_clk_enable_p,rst_clk_enable_p,CLR_dly,C_dly) 
WARNING: "D:\Vivado\Vivado\2019.1\data/verilog/src/unisims/FDCE.v" Line 160: Timing violation in scope /AES_tb/AES_encrypt/reg_in_reg[126]/TChk160_4720 at time 1527644 ps $recrem (negedge CLR,posedge C,(0:0:0),(0:0:0),notifier,rst_clk_enable_p,rst_clk_enable_p,CLR_dly,C_dly) 
WARNING: "D:\Vivado\Vivado\2019.1\data/verilog/src/unisims/FDCE.v" Line 160: Timing violation in scope /AES_tb/AES_encrypt/reg_in_reg[127]/TChk160_4720 at time 1527644 ps $recrem (negedge CLR,posedge C,(0:0:0),(0:0:0),notifier,rst_clk_enable_p,rst_clk_enable_p,CLR_dly,C_dly) 
WARNING: "D:\Vivado\Vivado\2019.1\data/verilog/src/unisims/FDCE.v" Line 160: Timing violation in scope /AES_tb/AES_encrypt/reg_in_reg[12]/TChk160_4720 at time 1527644 ps $recrem (negedge CLR,posedge C,(0:0:0),(0:0:0),notifier,rst_clk_enable_p,rst_clk_enable_p,CLR_dly,C_dly) 
WARNING: "D:\Vivado\Vivado\2019.1\data/verilog/src/unisims/FDCE.v" Line 160: Timing violation in scope /AES_tb/AES_encrypt/reg_in_reg[17]/TChk160_4720 at time 1527644 ps $recrem (negedge CLR,posedge C,(0:0:0),(0:0:0),notifier,rst_clk_enable_p,rst_clk_enable_p,CLR_dly,C_dly) 
WARNING: "D:\Vivado\Vivado\2019.1\data/verilog/src/unisims/FDCE.v" Line 160: Timing violation in scope /AES_tb/AES_encrypt/reg_in_reg[19]/TChk160_4720 at time 1527644 ps $recrem (negedge CLR,posedge C,(0:0:0),(0:0:0),notifier,rst_clk_enable_p,rst_clk_enable_p,CLR_dly,C_dly) 
WARNING: "D:\Vivado\Vivado\2019.1\data/verilog/src/unisims/FDCE.v" Line 160: Timing violation in scope /AES_tb/AES_encrypt/reg_in_reg[21]/TChk160_4720 at time 1527644 ps $recrem (negedge CLR,posedge C,(0:0:0),(0:0:0),notifier,rst_clk_enable_p,rst_clk_enable_p,CLR_dly,C_dly) 
WARNING: "D:\Vivado\Vivado\2019.1\data/verilog/src/unisims/FDCE.v" Line 160: Timing violation in scope /AES_tb/AES_encrypt/reg_in_reg[23]/TChk160_4720 at time 1527644 ps $recrem (negedge CLR,posedge C,(0:0:0),(0:0:0),notifier,rst_clk_enable_p,rst_clk_enable_p,CLR_dly,C_dly) 
WARNING: "D:\Vivado\Vivado\2019.1\data/verilog/src/unisims/FDCE.v" Line 160: Timing violation in scope /AES_tb/AES_encrypt/reg_in_reg[27]/TChk160_4720 at time 1527644 ps $recrem (negedge CLR,posedge C,(0:0:0),(0:0:0),notifier,rst_clk_enable_p,rst_clk_enable_p,CLR_dly,C_dly) 
WARNING: "D:\Vivado\Vivado\2019.1\data/verilog/src/unisims/FDCE.v" Line 160: Timing violation in scope /AES_tb/AES_encrypt/reg_in_reg[28]/TChk160_4720 at time 1527644 ps $recrem (negedge CLR,posedge C,(0:0:0),(0:0:0),notifier,rst_clk_enable_p,rst_clk_enable_p,CLR_dly,C_dly) 
WARNING: "D:\Vivado\Vivado\2019.1\data/verilog/src/unisims/FDCE.v" Line 160: Timing violation in scope /AES_tb/AES_encrypt/reg_in_reg[2]/TChk160_4720 at time 1527644 ps $recrem (negedge CLR,posedge C,(0:0:0),(0:0:0),notifier,rst_clk_enable_p,rst_clk_enable_p,CLR_dly,C_dly) 
WARNING: "D:\Vivado\Vivado\2019.1\data/verilog/src/unisims/FDCE.v" Line 160: Timing violation in scope /AES_tb/AES_encrypt/reg_in_reg[31]/TChk160_4720 at time 1527644 ps $recrem (negedge CLR,posedge C,(0:0:0),(0:0:0),notifier,rst_clk_enable_p,rst_clk_enable_p,CLR_dly,C_dly) 
WARNING: "D:\Vivado\Vivado\2019.1\data/verilog/src/unisims/FDCE.v" Line 160: Timing violation in scope /AES_tb/AES_encrypt/reg_in_reg[32]/TChk160_4720 at time 1527644 ps $recrem (negedge CLR,posedge C,(0:0:0),(0:0:0),notifier,rst_clk_enable_p,rst_clk_enable_p,CLR_dly,C_dly) 
WARNING: "D:\Vivado\Vivado\2019.1\data/verilog/src/unisims/FDCE.v" Line 160: Timing violation in scope /AES_tb/AES_encrypt/reg_in_reg[38]/TChk160_4720 at time 1527644 ps $recrem (negedge CLR,posedge C,(0:0:0),(0:0:0),notifier,rst_clk_enable_p,rst_clk_enable_p,CLR_dly,C_dly) 
WARNING: "D:\Vivado\Vivado\2019.1\data/verilog/src/unisims/FDCE.v" Line 160: Timing violation in scope /AES_tb/AES_encrypt/reg_in_reg[41]/TChk160_4720 at time 1527644 ps $recrem (negedge CLR,posedge C,(0:0:0),(0:0:0),notifier,rst_clk_enable_p,rst_clk_enable_p,CLR_dly,C_dly) 
WARNING: "D:\Vivado\Vivado\2019.1\data/verilog/src/unisims/FDCE.v" Line 160: Timing violation in scope /AES_tb/AES_encrypt/reg_in_reg[46]/TChk160_4720 at time 1527644 ps $recrem (negedge CLR,posedge C,(0:0:0),(0:0:0),notifier,rst_clk_enable_p,rst_clk_enable_p,CLR_dly,C_dly) 
WARNING: "D:\Vivado\Vivado\2019.1\data/verilog/src/unisims/FDCE.v" Line 160: Timing violation in scope /AES_tb/AES_encrypt/reg_in_reg[51]/TChk160_4720 at time 1527644 ps $recrem (negedge CLR,posedge C,(0:0:0),(0:0:0),notifier,rst_clk_enable_p,rst_clk_enable_p,CLR_dly,C_dly) 
WARNING: "D:\Vivado\Vivado\2019.1\data/verilog/src/unisims/FDCE.v" Line 160: Timing violation in scope /AES_tb/AES_encrypt/reg_in_reg[52]/TChk160_4720 at time 1527644 ps $recrem (negedge CLR,posedge C,(0:0:0),(0:0:0),notifier,rst_clk_enable_p,rst_clk_enable_p,CLR_dly,C_dly) 
WARNING: "D:\Vivado\Vivado\2019.1\data/verilog/src/unisims/FDCE.v" Line 160: Timing violation in scope /AES_tb/AES_encrypt/reg_in_reg[54]/TChk160_4720 at time 1527644 ps $recrem (negedge CLR,posedge C,(0:0:0),(0:0:0),notifier,rst_clk_enable_p,rst_clk_enable_p,CLR_dly,C_dly) 
WARNING: "D:\Vivado\Vivado\2019.1\data/verilog/src/unisims/FDCE.v" Line 160: Timing violation in scope /AES_tb/AES_encrypt/reg_in_reg[57]/TChk160_4720 at time 1527644 ps $recrem (negedge CLR,posedge C,(0:0:0),(0:0:0),notifier,rst_clk_enable_p,rst_clk_enable_p,CLR_dly,C_dly) 
WARNING: "D:\Vivado\Vivado\2019.1\data/verilog/src/unisims/FDCE.v" Line 160: Timing violation in scope /AES_tb/AES_encrypt/reg_in_reg[59]/TChk160_4720 at time 1527644 ps $recrem (negedge CLR,posedge C,(0:0:0),(0:0:0),notifier,rst_clk_enable_p,rst_clk_enable_p,CLR_dly,C_dly) 
WARNING: "D:\Vivado\Vivado\2019.1\data/verilog/src/unisims/FDCE.v" Line 160: Timing violation in scope /AES_tb/AES_encrypt/reg_in_reg[5]/TChk160_4720 at time 1527644 ps $recrem (negedge CLR,posedge C,(0:0:0),(0:0:0),notifier,rst_clk_enable_p,rst_clk_enable_p,CLR_dly,C_dly) 
WARNING: "D:\Vivado\Vivado\2019.1\data/verilog/src/unisims/FDCE.v" Line 160: Timing violation in scope /AES_tb/AES_encrypt/reg_in_reg[61]/TChk160_4720 at time 1527644 ps $recrem (negedge CLR,posedge C,(0:0:0),(0:0:0),notifier,rst_clk_enable_p,rst_clk_enable_p,CLR_dly,C_dly) 
WARNING: "D:\Vivado\Vivado\2019.1\data/verilog/src/unisims/FDCE.v" Line 160: Timing violation in scope /AES_tb/AES_encrypt/reg_in_reg[63]/TChk160_4720 at time 1527644 ps $recrem (negedge CLR,posedge C,(0:0:0),(0:0:0),notifier,rst_clk_enable_p,rst_clk_enable_p,CLR_dly,C_dly) 
WARNING: "D:\Vivado\Vivado\2019.1\data/verilog/src/unisims/FDCE.v" Line 160: Timing violation in scope /AES_tb/AES_encrypt/reg_in_reg[64]/TChk160_4720 at time 1527644 ps $recrem (negedge CLR,posedge C,(0:0:0),(0:0:0),notifier,rst_clk_enable_p,rst_clk_enable_p,CLR_dly,C_dly) 
WARNING: "D:\Vivado\Vivado\2019.1\data/verilog/src/unisims/FDCE.v" Line 160: Timing violation in scope /AES_tb/AES_encrypt/reg_in_reg[65]/TChk160_4720 at time 1527644 ps $recrem (negedge CLR,posedge C,(0:0:0),(0:0:0),notifier,rst_clk_enable_p,rst_clk_enable_p,CLR_dly,C_dly) 
WARNING: "D:\Vivado\Vivado\2019.1\data/verilog/src/unisims/FDCE.v" Line 160: Timing violation in scope /AES_tb/AES_encrypt/reg_in_reg[66]/TChk160_4720 at time 1527644 ps $recrem (negedge CLR,posedge C,(0:0:0),(0:0:0),notifier,rst_clk_enable_p,rst_clk_enable_p,CLR_dly,C_dly) 
WARNING: "D:\Vivado\Vivado\2019.1\data/verilog/src/unisims/FDCE.v" Line 160: Timing violation in scope /AES_tb/AES_encrypt/reg_in_reg[67]/TChk160_4720 at time 1527644 ps $recrem (negedge CLR,posedge C,(0:0:0),(0:0:0),notifier,rst_clk_enable_p,rst_clk_enable_p,CLR_dly,C_dly) 
WARNING: "D:\Vivado\Vivado\2019.1\data/verilog/src/unisims/FDCE.v" Line 160: Timing violation in scope /AES_tb/AES_encrypt/reg_in_reg[68]/TChk160_4720 at time 1527644 ps $recrem (negedge CLR,posedge C,(0:0:0),(0:0:0),notifier,rst_clk_enable_p,rst_clk_enable_p,CLR_dly,C_dly) 
WARNING: "D:\Vivado\Vivado\2019.1\data/verilog/src/unisims/FDCE.v" Line 160: Timing violation in scope /AES_tb/AES_encrypt/reg_in_reg[69]/TChk160_4720 at time 1527644 ps $recrem (negedge CLR,posedge C,(0:0:0),(0:0:0),notifier,rst_clk_enable_p,rst_clk_enable_p,CLR_dly,C_dly) 
WARNING: "D:\Vivado\Vivado\2019.1\data/verilog/src/unisims/FDCE.v" Line 160: Timing violation in scope /AES_tb/AES_encrypt/reg_in_reg[70]/TChk160_4720 at time 1527644 ps $recrem (negedge CLR,posedge C,(0:0:0),(0:0:0),notifier,rst_clk_enable_p,rst_clk_enable_p,CLR_dly,C_dly) 
WARNING: "D:\Vivado\Vivado\2019.1\data/verilog/src/unisims/FDCE.v" Line 160: Timing violation in scope /AES_tb/AES_encrypt/reg_in_reg[71]/TChk160_4720 at time 1527644 ps $recrem (negedge CLR,posedge C,(0:0:0),(0:0:0),notifier,rst_clk_enable_p,rst_clk_enable_p,CLR_dly,C_dly) 
WARNING: "D:\Vivado\Vivado\2019.1\data/verilog/src/unisims/FDCE.v" Line 160: Timing violation in scope /AES_tb/AES_encrypt/reg_in_reg[72]/TChk160_4720 at time 1527644 ps $recrem (negedge CLR,posedge C,(0:0:0),(0:0:0),notifier,rst_clk_enable_p,rst_clk_enable_p,CLR_dly,C_dly) 
WARNING: "D:\Vivado\Vivado\2019.1\data/verilog/src/unisims/FDCE.v" Line 160: Timing violation in scope /AES_tb/AES_encrypt/reg_in_reg[74]/TChk160_4720 at time 1527644 ps $recrem (negedge CLR,posedge C,(0:0:0),(0:0:0),notifier,rst_clk_enable_p,rst_clk_enable_p,CLR_dly,C_dly) 
WARNING: "D:\Vivado\Vivado\2019.1\data/verilog/src/unisims/FDCE.v" Line 160: Timing violation in scope /AES_tb/AES_encrypt/reg_in_reg[75]/TChk160_4720 at time 1527644 ps $recrem (negedge CLR,posedge C,(0:0:0),(0:0:0),notifier,rst_clk_enable_p,rst_clk_enable_p,CLR_dly,C_dly) 
WARNING: "D:\Vivado\Vivado\2019.1\data/verilog/src/unisims/FDCE.v" Line 160: Timing violation in scope /AES_tb/AES_encrypt/reg_in_reg[83]/TChk160_4720 at time 1527644 ps $recrem (negedge CLR,posedge C,(0:0:0),(0:0:0),notifier,rst_clk_enable_p,rst_clk_enable_p,CLR_dly,C_dly) 
WARNING: "D:\Vivado\Vivado\2019.1\data/verilog/src/unisims/FDCE.v" Line 160: Timing violation in scope /AES_tb/AES_encrypt/reg_in_reg[84]/TChk160_4720 at time 1527644 ps $recrem (negedge CLR,posedge C,(0:0:0),(0:0:0),notifier,rst_clk_enable_p,rst_clk_enable_p,CLR_dly,C_dly) 
WARNING: "D:\Vivado\Vivado\2019.1\data/verilog/src/unisims/FDCE.v" Line 160: Timing violation in scope /AES_tb/AES_encrypt/reg_in_reg[85]/TChk160_4720 at time 1527644 ps $recrem (negedge CLR,posedge C,(0:0:0),(0:0:0),notifier,rst_clk_enable_p,rst_clk_enable_p,CLR_dly,C_dly) 
WARNING: "D:\Vivado\Vivado\2019.1\data/verilog/src/unisims/FDCE.v" Line 160: Timing violation in scope /AES_tb/AES_encrypt/reg_in_reg[86]/TChk160_4720 at time 1527644 ps $recrem (negedge CLR,posedge C,(0:0:0),(0:0:0),notifier,rst_clk_enable_p,rst_clk_enable_p,CLR_dly,C_dly) 
WARNING: "D:\Vivado\Vivado\2019.1\data/verilog/src/unisims/FDCE.v" Line 160: Timing violation in scope /AES_tb/AES_encrypt/reg_in_reg[89]/TChk160_4720 at time 1527644 ps $recrem (negedge CLR,posedge C,(0:0:0),(0:0:0),notifier,rst_clk_enable_p,rst_clk_enable_p,CLR_dly,C_dly) 
WARNING: "D:\Vivado\Vivado\2019.1\data/verilog/src/unisims/FDCE.v" Line 160: Timing violation in scope /AES_tb/AES_encrypt/reg_in_reg[8]/TChk160_4720 at time 1527644 ps $recrem (negedge CLR,posedge C,(0:0:0),(0:0:0),notifier,rst_clk_enable_p,rst_clk_enable_p,CLR_dly,C_dly) 
WARNING: "D:\Vivado\Vivado\2019.1\data/verilog/src/unisims/FDCE.v" Line 160: Timing violation in scope /AES_tb/AES_encrypt/reg_in_reg[91]/TChk160_4720 at time 1527644 ps $recrem (negedge CLR,posedge C,(0:0:0),(0:0:0),notifier,rst_clk_enable_p,rst_clk_enable_p,CLR_dly,C_dly) 
WARNING: "D:\Vivado\Vivado\2019.1\data/verilog/src/unisims/FDCE.v" Line 160: Timing violation in scope /AES_tb/AES_encrypt/reg_in_reg[93]/TChk160_4720 at time 1527644 ps $recrem (negedge CLR,posedge C,(0:0:0),(0:0:0),notifier,rst_clk_enable_p,rst_clk_enable_p,CLR_dly,C_dly) 
WARNING: "D:\Vivado\Vivado\2019.1\data/verilog/src/unisims/FDCE.v" Line 160: Timing violation in scope /AES_tb/AES_encrypt/reg_in_reg[94]/TChk160_4720 at time 1527644 ps $recrem (negedge CLR,posedge C,(0:0:0),(0:0:0),notifier,rst_clk_enable_p,rst_clk_enable_p,CLR_dly,C_dly) 
WARNING: "D:\Vivado\Vivado\2019.1\data/verilog/src/unisims/FDCE.v" Line 160: Timing violation in scope /AES_tb/AES_encrypt/reg_in_reg[95]/TChk160_4720 at time 1527644 ps $recrem (negedge CLR,posedge C,(0:0:0),(0:0:0),notifier,rst_clk_enable_p,rst_clk_enable_p,CLR_dly,C_dly) 
WARNING: "D:\Vivado\Vivado\2019.1\data/verilog/src/unisims/FDCE.v" Line 160: Timing violation in scope /AES_tb/AES_encrypt/reg_in_reg[98]/TChk160_4720 at time 1527644 ps $recrem (negedge CLR,posedge C,(0:0:0),(0:0:0),notifier,rst_clk_enable_p,rst_clk_enable_p,CLR_dly,C_dly) 
WARNING: "D:\Vivado\Vivado\2019.1\data/verilog/src/unisims/FDCE.v" Line 160: Timing violation in scope /AES_tb/AES_encrypt/reg_in_reg[99]/TChk160_4720 at time 1527644 ps $recrem (negedge CLR,posedge C,(0:0:0),(0:0:0),notifier,rst_clk_enable_p,rst_clk_enable_p,CLR_dly,C_dly) 
WARNING: "D:\Vivado\Vivado\2019.1\data/verilog/src/unisims/FDCE.v" Line 160: Timing violation in scope /AES_tb/AES_encrypt/reg_in_reg[9]/TChk160_4720 at time 1527644 ps $recrem (negedge CLR,posedge C,(0:0:0),(0:0:0),notifier,rst_clk_enable_p,rst_clk_enable_p,CLR_dly,C_dly) 
WARNING: "D:\Vivado\Vivado\2019.1\data/verilog/src/unisims/FDCE.v" Line 160: Timing violation in scope /AES_tb/AES_encrypt/counter_reg[0]/TChk160_4720 at time 3037644 ps $recrem (negedge CLR,posedge C,(0:0:0),(0:0:0),notifier,rst_clk_enable_p,rst_clk_enable_p,CLR_dly,C_dly) 
WARNING: "D:\Vivado\Vivado\2019.1\data/verilog/src/unisims/FDCE.v" Line 160: Timing violation in scope /AES_tb/AES_encrypt/reg_Key_reg[100]/TChk160_4720 at time 3037644 ps $recrem (negedge CLR,posedge C,(0:0:0),(0:0:0),notifier,rst_clk_enable_p,rst_clk_enable_p,CLR_dly,C_dly) 
WARNING: "D:\Vivado\Vivado\2019.1\data/verilog/src/unisims/FDCE.v" Line 160: Timing violation in scope /AES_tb/AES_encrypt/reg_Key_reg[101]/TChk160_4720 at time 3037644 ps $recrem (negedge CLR,posedge C,(0:0:0),(0:0:0),notifier,rst_clk_enable_p,rst_clk_enable_p,CLR_dly,C_dly) 
WARNING: "D:\Vivado\Vivado\2019.1\data/verilog/src/unisims/FDCE.v" Line 160: Timing violation in scope /AES_tb/AES_encrypt/reg_Key_reg[103]/TChk160_4720 at time 3037644 ps $recrem (negedge CLR,posedge C,(0:0:0),(0:0:0),notifier,rst_clk_enable_p,rst_clk_enable_p,CLR_dly,C_dly) 
WARNING: "D:\Vivado\Vivado\2019.1\data/verilog/src/unisims/FDCE.v" Line 160: Timing violation in scope /AES_tb/AES_encrypt/reg_Key_reg[107]/TChk160_4720 at time 3037644 ps $recrem (negedge CLR,posedge C,(0:0:0),(0:0:0),notifier,rst_clk_enable_p,rst_clk_enable_p,CLR_dly,C_dly) 
WARNING: "D:\Vivado\Vivado\2019.1\data/verilog/src/unisims/FDCE.v" Line 160: Timing violation in scope /AES_tb/AES_encrypt/reg_Key_reg[10]/TChk160_4720 at time 3037644 ps $recrem (negedge CLR,posedge C,(0:0:0),(0:0:0),notifier,rst_clk_enable_p,rst_clk_enable_p,CLR_dly,C_dly) 
WARNING: "D:\Vivado\Vivado\2019.1\data/verilog/src/unisims/FDCE.v" Line 160: Timing violation in scope /AES_tb/AES_encrypt/reg_Key_reg[111]/TChk160_4720 at time 3037644 ps $recrem (negedge CLR,posedge C,(0:0:0),(0:0:0),notifier,rst_clk_enable_p,rst_clk_enable_p,CLR_dly,C_dly) 
WARNING: "D:\Vivado\Vivado\2019.1\data/verilog/src/unisims/FDCE.v" Line 160: Timing violation in scope /AES_tb/AES_encrypt/reg_Key_reg[120]/TChk160_4720 at time 3037644 ps $recrem (negedge CLR,posedge C,(0:0:0),(0:0:0),notifier,rst_clk_enable_p,rst_clk_enable_p,CLR_dly,C_dly) 
WARNING: "D:\Vivado\Vivado\2019.1\data/verilog/src/unisims/FDCE.v" Line 160: Timing violation in scope /AES_tb/AES_encrypt/reg_Key_reg[121]/TChk160_4720 at time 3037644 ps $recrem (negedge CLR,posedge C,(0:0:0),(0:0:0),notifier,rst_clk_enable_p,rst_clk_enable_p,CLR_dly,C_dly) 
WARNING: "D:\Vivado\Vivado\2019.1\data/verilog/src/unisims/FDCE.v" Line 160: Timing violation in scope /AES_tb/AES_encrypt/reg_Key_reg[122]/TChk160_4720 at time 3037644 ps $recrem (negedge CLR,posedge C,(0:0:0),(0:0:0),notifier,rst_clk_enable_p,rst_clk_enable_p,CLR_dly,C_dly) 
WARNING: "D:\Vivado\Vivado\2019.1\data/verilog/src/unisims/FDCE.v" Line 160: Timing violation in scope /AES_tb/AES_encrypt/reg_Key_reg[127]/TChk160_4720 at time 3037644 ps $recrem (negedge CLR,posedge C,(0:0:0),(0:0:0),notifier,rst_clk_enable_p,rst_clk_enable_p,CLR_dly,C_dly) 
WARNING: "D:\Vivado\Vivado\2019.1\data/verilog/src/unisims/FDCE.v" Line 160: Timing violation in scope /AES_tb/AES_encrypt/reg_Key_reg[12]/TChk160_4720 at time 3037644 ps $recrem (negedge CLR,posedge C,(0:0:0),(0:0:0),notifier,rst_clk_enable_p,rst_clk_enable_p,CLR_dly,C_dly) 
WARNING: "D:\Vivado\Vivado\2019.1\data/verilog/src/unisims/FDCE.v" Line 160: Timing violation in scope /AES_tb/AES_encrypt/reg_Key_reg[13]/TChk160_4720 at time 3037644 ps $recrem (negedge CLR,posedge C,(0:0:0),(0:0:0),notifier,rst_clk_enable_p,rst_clk_enable_p,CLR_dly,C_dly) 
WARNING: "D:\Vivado\Vivado\2019.1\data/verilog/src/unisims/FDCE.v" Line 160: Timing violation in scope /AES_tb/AES_encrypt/reg_Key_reg[16]/TChk160_4720 at time 3037644 ps $recrem (negedge CLR,posedge C,(0:0:0),(0:0:0),notifier,rst_clk_enable_p,rst_clk_enable_p,CLR_dly,C_dly) 
WARNING: "D:\Vivado\Vivado\2019.1\data/verilog/src/unisims/FDCE.v" Line 160: Timing violation in scope /AES_tb/AES_encrypt/reg_Key_reg[20]/TChk160_4720 at time 3037644 ps $recrem (negedge CLR,posedge C,(0:0:0),(0:0:0),notifier,rst_clk_enable_p,rst_clk_enable_p,CLR_dly,C_dly) 
WARNING: "D:\Vivado\Vivado\2019.1\data/verilog/src/unisims/FDCE.v" Line 160: Timing violation in scope /AES_tb/AES_encrypt/reg_Key_reg[21]/TChk160_4720 at time 3037644 ps $recrem (negedge CLR,posedge C,(0:0:0),(0:0:0),notifier,rst_clk_enable_p,rst_clk_enable_p,CLR_dly,C_dly) 
WARNING: "D:\Vivado\Vivado\2019.1\data/verilog/src/unisims/FDCE.v" Line 160: Timing violation in scope /AES_tb/AES_encrypt/reg_Key_reg[24]/TChk160_4720 at time 3037644 ps $recrem (negedge CLR,posedge C,(0:0:0),(0:0:0),notifier,rst_clk_enable_p,rst_clk_enable_p,CLR_dly,C_dly) 
WARNING: "D:\Vivado\Vivado\2019.1\data/verilog/src/unisims/FDCE.v" Line 160: Timing violation in scope /AES_tb/AES_encrypt/reg_Key_reg[25]/TChk160_4720 at time 3037644 ps $recrem (negedge CLR,posedge C,(0:0:0),(0:0:0),notifier,rst_clk_enable_p,rst_clk_enable_p,CLR_dly,C_dly) 
WARNING: "D:\Vivado\Vivado\2019.1\data/verilog/src/unisims/FDCE.v" Line 160: Timing violation in scope /AES_tb/AES_encrypt/reg_Key_reg[28]/TChk160_4720 at time 3037644 ps $recrem (negedge CLR,posedge C,(0:0:0),(0:0:0),notifier,rst_clk_enable_p,rst_clk_enable_p,CLR_dly,C_dly) 
WARNING: "D:\Vivado\Vivado\2019.1\data/verilog/src/unisims/FDCE.v" Line 160: Timing violation in scope /AES_tb/AES_encrypt/reg_Key_reg[2]/TChk160_4720 at time 3037644 ps $recrem (negedge CLR,posedge C,(0:0:0),(0:0:0),notifier,rst_clk_enable_p,rst_clk_enable_p,CLR_dly,C_dly) 
WARNING: "D:\Vivado\Vivado\2019.1\data/verilog/src/unisims/FDCE.v" Line 160: Timing violation in scope /AES_tb/AES_encrypt/reg_Key_reg[32]/TChk160_4720 at time 3037644 ps $recrem (negedge CLR,posedge C,(0:0:0),(0:0:0),notifier,rst_clk_enable_p,rst_clk_enable_p,CLR_dly,C_dly) 
WARNING: "D:\Vivado\Vivado\2019.1\data/verilog/src/unisims/FDCE.v" Line 160: Timing violation in scope /AES_tb/AES_encrypt/reg_Key_reg[34]/TChk160_4720 at time 3037644 ps $recrem (negedge CLR,posedge C,(0:0:0),(0:0:0),notifier,rst_clk_enable_p,rst_clk_enable_p,CLR_dly,C_dly) 
WARNING: "D:\Vivado\Vivado\2019.1\data/verilog/src/unisims/FDCE.v" Line 160: Timing violation in scope /AES_tb/AES_encrypt/reg_Key_reg[36]/TChk160_4720 at time 3037644 ps $recrem (negedge CLR,posedge C,(0:0:0),(0:0:0),notifier,rst_clk_enable_p,rst_clk_enable_p,CLR_dly,C_dly) 
WARNING: "D:\Vivado\Vivado\2019.1\data/verilog/src/unisims/FDCE.v" Line 160: Timing violation in scope /AES_tb/AES_encrypt/reg_Key_reg[37]/TChk160_4720 at time 3037644 ps $recrem (negedge CLR,posedge C,(0:0:0),(0:0:0),notifier,rst_clk_enable_p,rst_clk_enable_p,CLR_dly,C_dly) 
WARNING: "D:\Vivado\Vivado\2019.1\data/verilog/src/unisims/FDCE.v" Line 160: Timing violation in scope /AES_tb/AES_encrypt/reg_Key_reg[38]/TChk160_4720 at time 3037644 ps $recrem (negedge CLR,posedge C,(0:0:0),(0:0:0),notifier,rst_clk_enable_p,rst_clk_enable_p,CLR_dly,C_dly) 
WARNING: "D:\Vivado\Vivado\2019.1\data/verilog/src/unisims/FDCE.v" Line 160: Timing violation in scope /AES_tb/AES_encrypt/reg_Key_reg[40]/TChk160_4720 at time 3037644 ps $recrem (negedge CLR,posedge C,(0:0:0),(0:0:0),notifier,rst_clk_enable_p,rst_clk_enable_p,CLR_dly,C_dly) 
WARNING: "D:\Vivado\Vivado\2019.1\data/verilog/src/unisims/FDCE.v" Line 160: Timing violation in scope /AES_tb/AES_encrypt/reg_Key_reg[42]/TChk160_4720 at time 3037644 ps $recrem (negedge CLR,posedge C,(0:0:0),(0:0:0),notifier,rst_clk_enable_p,rst_clk_enable_p,CLR_dly,C_dly) 
WARNING: "D:\Vivado\Vivado\2019.1\data/verilog/src/unisims/FDCE.v" Line 160: Timing violation in scope /AES_tb/AES_encrypt/reg_Key_reg[44]/TChk160_4720 at time 3037644 ps $recrem (negedge CLR,posedge C,(0:0:0),(0:0:0),notifier,rst_clk_enable_p,rst_clk_enable_p,CLR_dly,C_dly) 
WARNING: "D:\Vivado\Vivado\2019.1\data/verilog/src/unisims/FDCE.v" Line 160: Timing violation in scope /AES_tb/AES_encrypt/reg_Key_reg[45]/TChk160_4720 at time 3037644 ps $recrem (negedge CLR,posedge C,(0:0:0),(0:0:0),notifier,rst_clk_enable_p,rst_clk_enable_p,CLR_dly,C_dly) 
WARNING: "D:\Vivado\Vivado\2019.1\data/verilog/src/unisims/FDCE.v" Line 160: Timing violation in scope /AES_tb/AES_encrypt/reg_Key_reg[46]/TChk160_4720 at time 3037644 ps $recrem (negedge CLR,posedge C,(0:0:0),(0:0:0),notifier,rst_clk_enable_p,rst_clk_enable_p,CLR_dly,C_dly) 
WARNING: "D:\Vivado\Vivado\2019.1\data/verilog/src/unisims/FDCE.v" Line 160: Timing violation in scope /AES_tb/AES_encrypt/reg_Key_reg[49]/TChk160_4720 at time 3037644 ps $recrem (negedge CLR,posedge C,(0:0:0),(0:0:0),notifier,rst_clk_enable_p,rst_clk_enable_p,CLR_dly,C_dly) 
WARNING: "D:\Vivado\Vivado\2019.1\data/verilog/src/unisims/FDCE.v" Line 160: Timing violation in scope /AES_tb/AES_encrypt/reg_Key_reg[53]/TChk160_4720 at time 3037644 ps $recrem (negedge CLR,posedge C,(0:0:0),(0:0:0),notifier,rst_clk_enable_p,rst_clk_enable_p,CLR_dly,C_dly) 
WARNING: "D:\Vivado\Vivado\2019.1\data/verilog/src/unisims/FDCE.v" Line 160: Timing violation in scope /AES_tb/AES_encrypt/reg_Key_reg[54]/TChk160_4720 at time 3037644 ps $recrem (negedge CLR,posedge C,(0:0:0),(0:0:0),notifier,rst_clk_enable_p,rst_clk_enable_p,CLR_dly,C_dly) 
WARNING: "D:\Vivado\Vivado\2019.1\data/verilog/src/unisims/FDCE.v" Line 160: Timing violation in scope /AES_tb/AES_encrypt/reg_Key_reg[55]/TChk160_4720 at time 3037644 ps $recrem (negedge CLR,posedge C,(0:0:0),(0:0:0),notifier,rst_clk_enable_p,rst_clk_enable_p,CLR_dly,C_dly) 
WARNING: "D:\Vivado\Vivado\2019.1\data/verilog/src/unisims/FDCE.v" Line 160: Timing violation in scope /AES_tb/AES_encrypt/reg_Key_reg[57]/TChk160_4720 at time 3037644 ps $recrem (negedge CLR,posedge C,(0:0:0),(0:0:0),notifier,rst_clk_enable_p,rst_clk_enable_p,CLR_dly,C_dly) 
WARNING: "D:\Vivado\Vivado\2019.1\data/verilog/src/unisims/FDCE.v" Line 160: Timing violation in scope /AES_tb/AES_encrypt/reg_Key_reg[59]/TChk160_4720 at time 3037644 ps $recrem (negedge CLR,posedge C,(0:0:0),(0:0:0),notifier,rst_clk_enable_p,rst_clk_enable_p,CLR_dly,C_dly) 
WARNING: "D:\Vivado\Vivado\2019.1\data/verilog/src/unisims/FDCE.v" Line 160: Timing violation in scope /AES_tb/AES_encrypt/reg_Key_reg[5]/TChk160_4720 at time 3037644 ps $recrem (negedge CLR,posedge C,(0:0:0),(0:0:0),notifier,rst_clk_enable_p,rst_clk_enable_p,CLR_dly,C_dly) 
WARNING: "D:\Vivado\Vivado\2019.1\data/verilog/src/unisims/FDCE.v" Line 160: Timing violation in scope /AES_tb/AES_encrypt/reg_Key_reg[61]/TChk160_4720 at time 3037644 ps $recrem (negedge CLR,posedge C,(0:0:0),(0:0:0),notifier,rst_clk_enable_p,rst_clk_enable_p,CLR_dly,C_dly) 
WARNING: "D:\Vivado\Vivado\2019.1\data/verilog/src/unisims/FDCE.v" Line 160: Timing violation in scope /AES_tb/AES_encrypt/reg_Key_reg[63]/TChk160_4720 at time 3037644 ps $recrem (negedge CLR,posedge C,(0:0:0),(0:0:0),notifier,rst_clk_enable_p,rst_clk_enable_p,CLR_dly,C_dly) 
WARNING: "D:\Vivado\Vivado\2019.1\data/verilog/src/unisims/FDCE.v" Line 160: Timing violation in scope /AES_tb/AES_encrypt/reg_Key_reg[65]/TChk160_4720 at time 3037644 ps $recrem (negedge CLR,posedge C,(0:0:0),(0:0:0),notifier,rst_clk_enable_p,rst_clk_enable_p,CLR_dly,C_dly) 
WARNING: "D:\Vivado\Vivado\2019.1\data/verilog/src/unisims/FDCE.v" Line 160: Timing violation in scope /AES_tb/AES_encrypt/reg_Key_reg[69]/TChk160_4720 at time 3037644 ps $recrem (negedge CLR,posedge C,(0:0:0),(0:0:0),notifier,rst_clk_enable_p,rst_clk_enable_p,CLR_dly,C_dly) 
WARNING: "D:\Vivado\Vivado\2019.1\data/verilog/src/unisims/FDCE.v" Line 160: Timing violation in scope /AES_tb/AES_encrypt/reg_Key_reg[71]/TChk160_4720 at time 3037644 ps $recrem (negedge CLR,posedge C,(0:0:0),(0:0:0),notifier,rst_clk_enable_p,rst_clk_enable_p,CLR_dly,C_dly) 
WARNING: "D:\Vivado\Vivado\2019.1\data/verilog/src/unisims/FDCE.v" Line 160: Timing violation in scope /AES_tb/AES_encrypt/reg_Key_reg[73]/TChk160_4720 at time 3037644 ps $recrem (negedge CLR,posedge C,(0:0:0),(0:0:0),notifier,rst_clk_enable_p,rst_clk_enable_p,CLR_dly,C_dly) 
WARNING: "D:\Vivado\Vivado\2019.1\data/verilog/src/unisims/FDCE.v" Line 160: Timing violation in scope /AES_tb/AES_encrypt/reg_Key_reg[74]/TChk160_4720 at time 3037644 ps $recrem (negedge CLR,posedge C,(0:0:0),(0:0:0),notifier,rst_clk_enable_p,rst_clk_enable_p,CLR_dly,C_dly) 
WARNING: "D:\Vivado\Vivado\2019.1\data/verilog/src/unisims/FDCE.v" Line 160: Timing violation in scope /AES_tb/AES_encrypt/reg_Key_reg[76]/TChk160_4720 at time 3037644 ps $recrem (negedge CLR,posedge C,(0:0:0),(0:0:0),notifier,rst_clk_enable_p,rst_clk_enable_p,CLR_dly,C_dly) 
WARNING: "D:\Vivado\Vivado\2019.1\data/verilog/src/unisims/FDCE.v" Line 160: Timing violation in scope /AES_tb/AES_encrypt/reg_Key_reg[78]/TChk160_4720 at time 3037644 ps $recrem (negedge CLR,posedge C,(0:0:0),(0:0:0),notifier,rst_clk_enable_p,rst_clk_enable_p,CLR_dly,C_dly) 
WARNING: "D:\Vivado\Vivado\2019.1\data/verilog/src/unisims/FDCE.v" Line 160: Timing violation in scope /AES_tb/AES_encrypt/reg_Key_reg[81]/TChk160_4720 at time 3037644 ps $recrem (negedge CLR,posedge C,(0:0:0),(0:0:0),notifier,rst_clk_enable_p,rst_clk_enable_p,CLR_dly,C_dly) 
WARNING: "D:\Vivado\Vivado\2019.1\data/verilog/src/unisims/FDCE.v" Line 160: Timing violation in scope /AES_tb/AES_encrypt/reg_Key_reg[84]/TChk160_4720 at time 3037644 ps $recrem (negedge CLR,posedge C,(0:0:0),(0:0:0),notifier,rst_clk_enable_p,rst_clk_enable_p,CLR_dly,C_dly) 
WARNING: "D:\Vivado\Vivado\2019.1\data/verilog/src/unisims/FDCE.v" Line 160: Timing violation in scope /AES_tb/AES_encrypt/reg_Key_reg[90]/TChk160_4720 at time 3037644 ps $recrem (negedge CLR,posedge C,(0:0:0),(0:0:0),notifier,rst_clk_enable_p,rst_clk_enable_p,CLR_dly,C_dly) 
WARNING: "D:\Vivado\Vivado\2019.1\data/verilog/src/unisims/FDCE.v" Line 160: Timing violation in scope /AES_tb/AES_encrypt/reg_Key_reg[92]/TChk160_4720 at time 3037644 ps $recrem (negedge CLR,posedge C,(0:0:0),(0:0:0),notifier,rst_clk_enable_p,rst_clk_enable_p,CLR_dly,C_dly) 
WARNING: "D:\Vivado\Vivado\2019.1\data/verilog/src/unisims/FDCE.v" Line 160: Timing violation in scope /AES_tb/AES_encrypt/reg_Key_reg[94]/TChk160_4720 at time 3037644 ps $recrem (negedge CLR,posedge C,(0:0:0),(0:0:0),notifier,rst_clk_enable_p,rst_clk_enable_p,CLR_dly,C_dly) 
WARNING: "D:\Vivado\Vivado\2019.1\data/verilog/src/unisims/FDCE.v" Line 160: Timing violation in scope /AES_tb/AES_encrypt/reg_Key_reg[96]/TChk160_4720 at time 3037644 ps $recrem (negedge CLR,posedge C,(0:0:0),(0:0:0),notifier,rst_clk_enable_p,rst_clk_enable_p,CLR_dly,C_dly) 
WARNING: "D:\Vivado\Vivado\2019.1\data/verilog/src/unisims/FDCE.v" Line 160: Timing violation in scope /AES_tb/AES_encrypt/reg_Key_reg[97]/TChk160_4720 at time 3037644 ps $recrem (negedge CLR,posedge C,(0:0:0),(0:0:0),notifier,rst_clk_enable_p,rst_clk_enable_p,CLR_dly,C_dly) 
WARNING: "D:\Vivado\Vivado\2019.1\data/verilog/src/unisims/FDCE.v" Line 160: Timing violation in scope /AES_tb/AES_encrypt/reg_in_reg[105]/TChk160_4720 at time 3037644 ps $recrem (negedge CLR,posedge C,(0:0:0),(0:0:0),notifier,rst_clk_enable_p,rst_clk_enable_p,CLR_dly,C_dly) 
WARNING: "D:\Vivado\Vivado\2019.1\data/verilog/src/unisims/FDCE.v" Line 160: Timing violation in scope /AES_tb/AES_encrypt/reg_in_reg[107]/TChk160_4720 at time 3037644 ps $recrem (negedge CLR,posedge C,(0:0:0),(0:0:0),notifier,rst_clk_enable_p,rst_clk_enable_p,CLR_dly,C_dly) 
WARNING: "D:\Vivado\Vivado\2019.1\data/verilog/src/unisims/FDCE.v" Line 160: Timing violation in scope /AES_tb/AES_encrypt/reg_in_reg[114]/TChk160_4720 at time 3037644 ps $recrem (negedge CLR,posedge C,(0:0:0),(0:0:0),notifier,rst_clk_enable_p,rst_clk_enable_p,CLR_dly,C_dly) 
WARNING: "D:\Vivado\Vivado\2019.1\data/verilog/src/unisims/FDCE.v" Line 160: Timing violation in scope /AES_tb/AES_encrypt/reg_in_reg[115]/TChk160_4720 at time 3037644 ps $recrem (negedge CLR,posedge C,(0:0:0),(0:0:0),notifier,rst_clk_enable_p,rst_clk_enable_p,CLR_dly,C_dly) 
WARNING: "D:\Vivado\Vivado\2019.1\data/verilog/src/unisims/FDCE.v" Line 160: Timing violation in scope /AES_tb/AES_encrypt/reg_in_reg[120]/TChk160_4720 at time 3037644 ps $recrem (negedge CLR,posedge C,(0:0:0),(0:0:0),notifier,rst_clk_enable_p,rst_clk_enable_p,CLR_dly,C_dly) 
WARNING: "D:\Vivado\Vivado\2019.1\data/verilog/src/unisims/FDCE.v" Line 160: Timing violation in scope /AES_tb/AES_encrypt/reg_in_reg[122]/TChk160_4720 at time 3037644 ps $recrem (negedge CLR,posedge C,(0:0:0),(0:0:0),notifier,rst_clk_enable_p,rst_clk_enable_p,CLR_dly,C_dly) 
WARNING: "D:\Vivado\Vivado\2019.1\data/verilog/src/unisims/FDCE.v" Line 160: Timing violation in scope /AES_tb/AES_encrypt/reg_in_reg[126]/TChk160_4720 at time 3037644 ps $recrem (negedge CLR,posedge C,(0:0:0),(0:0:0),notifier,rst_clk_enable_p,rst_clk_enable_p,CLR_dly,C_dly) 
WARNING: "D:\Vivado\Vivado\2019.1\data/verilog/src/unisims/FDCE.v" Line 160: Timing violation in scope /AES_tb/AES_encrypt/reg_in_reg[127]/TChk160_4720 at time 3037644 ps $recrem (negedge CLR,posedge C,(0:0:0),(0:0:0),notifier,rst_clk_enable_p,rst_clk_enable_p,CLR_dly,C_dly) 
WARNING: "D:\Vivado\Vivado\2019.1\data/verilog/src/unisims/FDCE.v" Line 160: Timing violation in scope /AES_tb/AES_encrypt/reg_in_reg[12]/TChk160_4720 at time 3037644 ps $recrem (negedge CLR,posedge C,(0:0:0),(0:0:0),notifier,rst_clk_enable_p,rst_clk_enable_p,CLR_dly,C_dly) 
WARNING: "D:\Vivado\Vivado\2019.1\data/verilog/src/unisims/FDCE.v" Line 160: Timing violation in scope /AES_tb/AES_encrypt/reg_in_reg[14]/TChk160_4720 at time 3037644 ps $recrem (negedge CLR,posedge C,(0:0:0),(0:0:0),notifier,rst_clk_enable_p,rst_clk_enable_p,CLR_dly,C_dly) 
WARNING: "D:\Vivado\Vivado\2019.1\data/verilog/src/unisims/FDCE.v" Line 160: Timing violation in scope /AES_tb/AES_encrypt/reg_in_reg[19]/TChk160_4720 at time 3037644 ps $recrem (negedge CLR,posedge C,(0:0:0),(0:0:0),notifier,rst_clk_enable_p,rst_clk_enable_p,CLR_dly,C_dly) 
WARNING: "D:\Vivado\Vivado\2019.1\data/verilog/src/unisims/FDCE.v" Line 160: Timing violation in scope /AES_tb/AES_encrypt/reg_in_reg[21]/TChk160_4720 at time 3037644 ps $recrem (negedge CLR,posedge C,(0:0:0),(0:0:0),notifier,rst_clk_enable_p,rst_clk_enable_p,CLR_dly,C_dly) 
WARNING: "D:\Vivado\Vivado\2019.1\data/verilog/src/unisims/FDCE.v" Line 160: Timing violation in scope /AES_tb/AES_encrypt/reg_in_reg[23]/TChk160_4720 at time 3037644 ps $recrem (negedge CLR,posedge C,(0:0:0),(0:0:0),notifier,rst_clk_enable_p,rst_clk_enable_p,CLR_dly,C_dly) 
WARNING: "D:\Vivado\Vivado\2019.1\data/verilog/src/unisims/FDCE.v" Line 160: Timing violation in scope /AES_tb/AES_encrypt/reg_in_reg[26]/TChk160_4720 at time 3037644 ps $recrem (negedge CLR,posedge C,(0:0:0),(0:0:0),notifier,rst_clk_enable_p,rst_clk_enable_p,CLR_dly,C_dly) 
WARNING: "D:\Vivado\Vivado\2019.1\data/verilog/src/unisims/FDCE.v" Line 160: Timing violation in scope /AES_tb/AES_encrypt/reg_in_reg[27]/TChk160_4720 at time 3037644 ps $recrem (negedge CLR,posedge C,(0:0:0),(0:0:0),notifier,rst_clk_enable_p,rst_clk_enable_p,CLR_dly,C_dly) 
WARNING: "D:\Vivado\Vivado\2019.1\data/verilog/src/unisims/FDCE.v" Line 160: Timing violation in scope /AES_tb/AES_encrypt/reg_in_reg[28]/TChk160_4720 at time 3037644 ps $recrem (negedge CLR,posedge C,(0:0:0),(0:0:0),notifier,rst_clk_enable_p,rst_clk_enable_p,CLR_dly,C_dly) 
WARNING: "D:\Vivado\Vivado\2019.1\data/verilog/src/unisims/FDCE.v" Line 160: Timing violation in scope /AES_tb/AES_encrypt/reg_in_reg[31]/TChk160_4720 at time 3037644 ps $recrem (negedge CLR,posedge C,(0:0:0),(0:0:0),notifier,rst_clk_enable_p,rst_clk_enable_p,CLR_dly,C_dly) 
WARNING: "D:\Vivado\Vivado\2019.1\data/verilog/src/unisims/FDCE.v" Line 160: Timing violation in scope /AES_tb/AES_encrypt/reg_in_reg[35]/TChk160_4720 at time 3037644 ps $recrem (negedge CLR,posedge C,(0:0:0),(0:0:0),notifier,rst_clk_enable_p,rst_clk_enable_p,CLR_dly,C_dly) 
WARNING: "D:\Vivado\Vivado\2019.1\data/verilog/src/unisims/FDCE.v" Line 160: Timing violation in scope /AES_tb/AES_encrypt/reg_in_reg[38]/TChk160_4720 at time 3037644 ps $recrem (negedge CLR,posedge C,(0:0:0),(0:0:0),notifier,rst_clk_enable_p,rst_clk_enable_p,CLR_dly,C_dly) 
WARNING: "D:\Vivado\Vivado\2019.1\data/verilog/src/unisims/FDCE.v" Line 160: Timing violation in scope /AES_tb/AES_encrypt/reg_in_reg[40]/TChk160_4720 at time 3037644 ps $recrem (negedge CLR,posedge C,(0:0:0),(0:0:0),notifier,rst_clk_enable_p,rst_clk_enable_p,CLR_dly,C_dly) 
WARNING: "D:\Vivado\Vivado\2019.1\data/verilog/src/unisims/FDCE.v" Line 160: Timing violation in scope /AES_tb/AES_encrypt/reg_in_reg[41]/TChk160_4720 at time 3037644 ps $recrem (negedge CLR,posedge C,(0:0:0),(0:0:0),notifier,rst_clk_enable_p,rst_clk_enable_p,CLR_dly,C_dly) 
WARNING: "D:\Vivado\Vivado\2019.1\data/verilog/src/unisims/FDCE.v" Line 160: Timing violation in scope /AES_tb/AES_encrypt/reg_in_reg[42]/TChk160_4720 at time 3037644 ps $recrem (negedge CLR,posedge C,(0:0:0),(0:0:0),notifier,rst_clk_enable_p,rst_clk_enable_p,CLR_dly,C_dly) 
WARNING: "D:\Vivado\Vivado\2019.1\data/verilog/src/unisims/FDCE.v" Line 160: Timing violation in scope /AES_tb/AES_encrypt/reg_in_reg[44]/TChk160_4720 at time 3037644 ps $recrem (negedge CLR,posedge C,(0:0:0),(0:0:0),notifier,rst_clk_enable_p,rst_clk_enable_p,CLR_dly,C_dly) 
WARNING: "D:\Vivado\Vivado\2019.1\data/verilog/src/unisims/FDCE.v" Line 160: Timing violation in scope /AES_tb/AES_encrypt/reg_in_reg[45]/TChk160_4720 at time 3037644 ps $recrem (negedge CLR,posedge C,(0:0:0),(0:0:0),notifier,rst_clk_enable_p,rst_clk_enable_p,CLR_dly,C_dly) 
WARNING: "D:\Vivado\Vivado\2019.1\data/verilog/src/unisims/FDCE.v" Line 160: Timing violation in scope /AES_tb/AES_encrypt/reg_in_reg[4]/TChk160_4720 at time 3037644 ps $recrem (negedge CLR,posedge C,(0:0:0),(0:0:0),notifier,rst_clk_enable_p,rst_clk_enable_p,CLR_dly,C_dly) 
WARNING: "D:\Vivado\Vivado\2019.1\data/verilog/src/unisims/FDCE.v" Line 160: Timing violation in scope /AES_tb/AES_encrypt/reg_in_reg[51]/TChk160_4720 at time 3037644 ps $recrem (negedge CLR,posedge C,(0:0:0),(0:0:0),notifier,rst_clk_enable_p,rst_clk_enable_p,CLR_dly,C_dly) 
WARNING: "D:\Vivado\Vivado\2019.1\data/verilog/src/unisims/FDCE.v" Line 160: Timing violation in scope /AES_tb/AES_encrypt/reg_in_reg[54]/TChk160_4720 at time 3037644 ps $recrem (negedge CLR,posedge C,(0:0:0),(0:0:0),notifier,rst_clk_enable_p,rst_clk_enable_p,CLR_dly,C_dly) 
WARNING: "D:\Vivado\Vivado\2019.1\data/verilog/src/unisims/FDCE.v" Line 160: Timing violation in scope /AES_tb/AES_encrypt/reg_in_reg[55]/TChk160_4720 at time 3037644 ps $recrem (negedge CLR,posedge C,(0:0:0),(0:0:0),notifier,rst_clk_enable_p,rst_clk_enable_p,CLR_dly,C_dly) 
WARNING: "D:\Vivado\Vivado\2019.1\data/verilog/src/unisims/FDCE.v" Line 160: Timing violation in scope /AES_tb/AES_encrypt/reg_in_reg[56]/TChk160_4720 at time 3037644 ps $recrem (negedge CLR,posedge C,(0:0:0),(0:0:0),notifier,rst_clk_enable_p,rst_clk_enable_p,CLR_dly,C_dly) 
WARNING: "D:\Vivado\Vivado\2019.1\data/verilog/src/unisims/FDCE.v" Line 160: Timing violation in scope /AES_tb/AES_encrypt/reg_in_reg[57]/TChk160_4720 at time 3037644 ps $recrem (negedge CLR,posedge C,(0:0:0),(0:0:0),notifier,rst_clk_enable_p,rst_clk_enable_p,CLR_dly,C_dly) 
WARNING: "D:\Vivado\Vivado\2019.1\data/verilog/src/unisims/FDCE.v" Line 160: Timing violation in scope /AES_tb/AES_encrypt/reg_in_reg[58]/TChk160_4720 at time 3037644 ps $recrem (negedge CLR,posedge C,(0:0:0),(0:0:0),notifier,rst_clk_enable_p,rst_clk_enable_p,CLR_dly,C_dly) 
WARNING: "D:\Vivado\Vivado\2019.1\data/verilog/src/unisims/FDCE.v" Line 160: Timing violation in scope /AES_tb/AES_encrypt/reg_in_reg[59]/TChk160_4720 at time 3037644 ps $recrem (negedge CLR,posedge C,(0:0:0),(0:0:0),notifier,rst_clk_enable_p,rst_clk_enable_p,CLR_dly,C_dly) 
WARNING: "D:\Vivado\Vivado\2019.1\data/verilog/src/unisims/FDCE.v" Line 160: Timing violation in scope /AES_tb/AES_encrypt/reg_in_reg[60]/TChk160_4720 at time 3037644 ps $recrem (negedge CLR,posedge C,(0:0:0),(0:0:0),notifier,rst_clk_enable_p,rst_clk_enable_p,CLR_dly,C_dly) 
WARNING: "D:\Vivado\Vivado\2019.1\data/verilog/src/unisims/FDCE.v" Line 160: Timing violation in scope /AES_tb/AES_encrypt/reg_in_reg[62]/TChk160_4720 at time 3037644 ps $recrem (negedge CLR,posedge C,(0:0:0),(0:0:0),notifier,rst_clk_enable_p,rst_clk_enable_p,CLR_dly,C_dly) 
WARNING: "D:\Vivado\Vivado\2019.1\data/verilog/src/unisims/FDCE.v" Line 160: Timing violation in scope /AES_tb/AES_encrypt/reg_in_reg[63]/TChk160_4720 at time 3037644 ps $recrem (negedge CLR,posedge C,(0:0:0),(0:0:0),notifier,rst_clk_enable_p,rst_clk_enable_p,CLR_dly,C_dly) 
WARNING: "D:\Vivado\Vivado\2019.1\data/verilog/src/unisims/FDCE.v" Line 160: Timing violation in scope /AES_tb/AES_encrypt/reg_in_reg[64]/TChk160_4720 at time 3037644 ps $recrem (negedge CLR,posedge C,(0:0:0),(0:0:0),notifier,rst_clk_enable_p,rst_clk_enable_p,CLR_dly,C_dly) 
WARNING: "D:\Vivado\Vivado\2019.1\data/verilog/src/unisims/FDCE.v" Line 160: Timing violation in scope /AES_tb/AES_encrypt/reg_in_reg[66]/TChk160_4720 at time 3037644 ps $recrem (negedge CLR,posedge C,(0:0:0),(0:0:0),notifier,rst_clk_enable_p,rst_clk_enable_p,CLR_dly,C_dly) 
WARNING: "D:\Vivado\Vivado\2019.1\data/verilog/src/unisims/FDCE.v" Line 160: Timing violation in scope /AES_tb/AES_encrypt/reg_in_reg[71]/TChk160_4720 at time 3037644 ps $recrem (negedge CLR,posedge C,(0:0:0),(0:0:0),notifier,rst_clk_enable_p,rst_clk_enable_p,CLR_dly,C_dly) 
WARNING: "D:\Vivado\Vivado\2019.1\data/verilog/src/unisims/FDCE.v" Line 160: Timing violation in scope /AES_tb/AES_encrypt/reg_in_reg[73]/TChk160_4720 at time 3037644 ps $recrem (negedge CLR,posedge C,(0:0:0),(0:0:0),notifier,rst_clk_enable_p,rst_clk_enable_p,CLR_dly,C_dly) 
WARNING: "D:\Vivado\Vivado\2019.1\data/verilog/src/unisims/FDCE.v" Line 160: Timing violation in scope /AES_tb/AES_encrypt/reg_in_reg[75]/TChk160_4720 at time 3037644 ps $recrem (negedge CLR,posedge C,(0:0:0),(0:0:0),notifier,rst_clk_enable_p,rst_clk_enable_p,CLR_dly,C_dly) 
WARNING: "D:\Vivado\Vivado\2019.1\data/verilog/src/unisims/FDCE.v" Line 160: Timing violation in scope /AES_tb/AES_encrypt/reg_in_reg[78]/TChk160_4720 at time 3037644 ps $recrem (negedge CLR,posedge C,(0:0:0),(0:0:0),notifier,rst_clk_enable_p,rst_clk_enable_p,CLR_dly,C_dly) 
WARNING: "D:\Vivado\Vivado\2019.1\data/verilog/src/unisims/FDCE.v" Line 160: Timing violation in scope /AES_tb/AES_encrypt/reg_in_reg[79]/TChk160_4720 at time 3037644 ps $recrem (negedge CLR,posedge C,(0:0:0),(0:0:0),notifier,rst_clk_enable_p,rst_clk_enable_p,CLR_dly,C_dly) 
WARNING: "D:\Vivado\Vivado\2019.1\data/verilog/src/unisims/FDCE.v" Line 160: Timing violation in scope /AES_tb/AES_encrypt/reg_in_reg[80]/TChk160_4720 at time 3037644 ps $recrem (negedge CLR,posedge C,(0:0:0),(0:0:0),notifier,rst_clk_enable_p,rst_clk_enable_p,CLR_dly,C_dly) 
WARNING: "D:\Vivado\Vivado\2019.1\data/verilog/src/unisims/FDCE.v" Line 160: Timing violation in scope /AES_tb/AES_encrypt/reg_in_reg[81]/TChk160_4720 at time 3037644 ps $recrem (negedge CLR,posedge C,(0:0:0),(0:0:0),notifier,rst_clk_enable_p,rst_clk_enable_p,CLR_dly,C_dly) 
WARNING: "D:\Vivado\Vivado\2019.1\data/verilog/src/unisims/FDCE.v" Line 160: Timing violation in scope /AES_tb/AES_encrypt/reg_in_reg[85]/TChk160_4720 at time 3037644 ps $recrem (negedge CLR,posedge C,(0:0:0),(0:0:0),notifier,rst_clk_enable_p,rst_clk_enable_p,CLR_dly,C_dly) 
WARNING: "D:\Vivado\Vivado\2019.1\data/verilog/src/unisims/FDCE.v" Line 160: Timing violation in scope /AES_tb/AES_encrypt/reg_in_reg[86]/TChk160_4720 at time 3037644 ps $recrem (negedge CLR,posedge C,(0:0:0),(0:0:0),notifier,rst_clk_enable_p,rst_clk_enable_p,CLR_dly,C_dly) 
WARNING: "D:\Vivado\Vivado\2019.1\data/verilog/src/unisims/FDCE.v" Line 160: Timing violation in scope /AES_tb/AES_encrypt/reg_in_reg[87]/TChk160_4720 at time 3037644 ps $recrem (negedge CLR,posedge C,(0:0:0),(0:0:0),notifier,rst_clk_enable_p,rst_clk_enable_p,CLR_dly,C_dly) 
WARNING: "D:\Vivado\Vivado\2019.1\data/verilog/src/unisims/FDCE.v" Line 160: Timing violation in scope /AES_tb/AES_encrypt/reg_in_reg[92]/TChk160_4720 at time 3037644 ps $recrem (negedge CLR,posedge C,(0:0:0),(0:0:0),notifier,rst_clk_enable_p,rst_clk_enable_p,CLR_dly,C_dly) 
WARNING: "D:\Vivado\Vivado\2019.1\data/verilog/src/unisims/FDCE.v" Line 160: Timing violation in scope /AES_tb/AES_encrypt/reg_in_reg[96]/TChk160_4720 at time 3037644 ps $recrem (negedge CLR,posedge C,(0:0:0),(0:0:0),notifier,rst_clk_enable_p,rst_clk_enable_p,CLR_dly,C_dly) 
WARNING: "D:\Vivado\Vivado\2019.1\data/verilog/src/unisims/FDCE.v" Line 160: Timing violation in scope /AES_tb/AES_encrypt/reg_in_reg[98]/TChk160_4720 at time 3037644 ps $recrem (negedge CLR,posedge C,(0:0:0),(0:0:0),notifier,rst_clk_enable_p,rst_clk_enable_p,CLR_dly,C_dly) 
WARNING: "D:\Vivado\Vivado\2019.1\data/verilog/src/unisims/FDCE.v" Line 160: Timing violation in scope /AES_tb/AES_encrypt/reg_in_reg[9]/TChk160_4720 at time 3037644 ps $recrem (negedge CLR,posedge C,(0:0:0),(0:0:0),notifier,rst_clk_enable_p,rst_clk_enable_p,CLR_dly,C_dly) 
