20:16:16 **** Build of project AES_bsp ****
make -k all 
"Running Make include in ps7_cortexa9_0/libsrc/AES_v1_0/src"
make -C ps7_cortexa9_0/libsrc/AES_v1_0/src -s include  "SHELL=CMD" "COMPILER=arm-none-eabi-gcc" "ARCHIVER=arm-none-eabi-ar" "COMPILER_FLAGS=  -O2 -c" "EXTRA_COMPILER_FLAGS=-mcpu=cortex-a9 -mfpu=vfpv3 -mfloat-abi=hard -nostartfiles -g -Wall -Wextra"
"Running Make include in ps7_cortexa9_0/libsrc/coresightps_dcc_v1_5/src"
make -C ps7_cortexa9_0/libsrc/coresightps_dcc_v1_5/src -s include  "SHELL=CMD" "COMPILER=arm-none-eabi-gcc" "ARCHIVER=arm-none-eabi-ar" "COMPILER_FLAGS=  -O2 -c" "EXTRA_COMPILER_FLAGS=-mcpu=cortex-a9 -mfpu=vfpv3 -mfloat-abi=hard -nostartfiles -g -Wall -Wextra"
"Running Make include in ps7_cortexa9_0/libsrc/cpu_cortexa9_v2_7/src"
make -C ps7_cortexa9_0/libsrc/cpu_cortexa9_v2_7/src -s include  "SHELL=CMD" "COMPILER=arm-none-eabi-gcc" "ARCHIVER=arm-none-eabi-ar" "COMPILER_FLAGS=  -O2 -c" "EXTRA_COMPILER_FLAGS=-mcpu=cortex-a9 -mfpu=vfpv3 -mfloat-abi=hard -nostartfiles -g -Wall -Wextra"
"Running Make include in ps7_cortexa9_0/libsrc/ddrps_v1_0/src"
make -C ps7_cortexa9_0/libsrc/ddrps_v1_0/src -s include  "SHELL=CMD" "COMPILER=arm-none-eabi-gcc" "ARCHIVER=arm-none-eabi-ar" "COMPILER_FLAGS=  -O2 -c" "EXTRA_COMPILER_FLAGS=-mcpu=cortex-a9 -mfpu=vfpv3 -mfloat-abi=hard -nostartfiles -g -Wall -Wextra"
"Running Make include in ps7_cortexa9_0/libsrc/devcfg_v3_5/src"
make -C ps7_cortexa9_0/libsrc/devcfg_v3_5/src -s include  "SHELL=CMD" "COMPILER=arm-none-eabi-gcc" "ARCHIVER=arm-none-eabi-ar" "COMPILER_FLAGS=  -O2 -c" "EXTRA_COMPILER_FLAGS=-mcpu=cortex-a9 -mfpu=vfpv3 -mfloat-abi=hard -nostartfiles -g -Wall -Wextra"
"Running Make include in ps7_cortexa9_0/libsrc/dmaps_v2_4/src"
make -C ps7_cortexa9_0/libsrc/dmaps_v2_4/src -s include  "SHELL=CMD" "COMPILER=arm-none-eabi-gcc" "ARCHIVER=arm-none-eabi-ar" "COMPILER_FLAGS=  -O2 -c" "EXTRA_COMPILER_FLAGS=-mcpu=cortex-a9 -mfpu=vfpv3 -mfloat-abi=hard -nostartfiles -g -Wall -Wextra"
"Running Make include in ps7_cortexa9_0/libsrc/emacps_v3_9/src"
make -C ps7_cortexa9_0/libsrc/emacps_v3_9/src -s include  "SHELL=CMD" "COMPILER=arm-none-eabi-gcc" "ARCHIVER=arm-none-eabi-ar" "COMPILER_FLAGS=  -O2 -c" "EXTRA_COMPILER_FLAGS=-mcpu=cortex-a9 -mfpu=vfpv3 -mfloat-abi=hard -nostartfiles -g -Wall -Wextra"
"Running Make include in ps7_cortexa9_0/libsrc/gpiops_v3_5/src"
make -C ps7_cortexa9_0/libsrc/gpiops_v3_5/src -s include  "SHELL=CMD" "COMPILER=arm-none-eabi-gcc" "ARCHIVER=arm-none-eabi-ar" "COMPILER_FLAGS=  -O2 -c" "EXTRA_COMPILER_FLAGS=-mcpu=cortex-a9 -mfpu=vfpv3 -mfloat-abi=hard -nostartfiles -g -Wall -Wextra"
"Running Make include in ps7_cortexa9_0/libsrc/qspips_v3_6/src"
make -C ps7_cortexa9_0/libsrc/qspips_v3_6/src -s include  "SHELL=CMD" "COMPILER=arm-none-eabi-gcc" "ARCHIVER=arm-none-eabi-ar" "COMPILER_FLAGS=  -O2 -c" "EXTRA_COMPILER_FLAGS=-mcpu=cortex-a9 -mfpu=vfpv3 -mfloat-abi=hard -nostartfiles -g -Wall -Wextra"
"Running Make include in ps7_cortexa9_0/libsrc/scugic_v4_0/src"
make -C ps7_cortexa9_0/libsrc/scugic_v4_0/src -s include  "SHELL=CMD" "COMPILER=arm-none-eabi-gcc" "ARCHIVER=arm-none-eabi-ar" "COMPILER_FLAGS=  -O2 -c" "EXTRA_COMPILER_FLAGS=-mcpu=cortex-a9 -mfpu=vfpv3 -mfloat-abi=hard -nostartfiles -g -Wall -Wextra"
"Running Make include in ps7_cortexa9_0/libsrc/scutimer_v2_1/src"
make -C ps7_cortexa9_0/libsrc/scutimer_v2_1/src -s include  "SHELL=CMD" "COMPILER=arm-none-eabi-gcc" "ARCHIVER=arm-none-eabi-ar" "COMPILER_FLAGS=  -O2 -c" "EXTRA_COMPILER_FLAGS=-mcpu=cortex-a9 -mfpu=vfpv3 -mfloat-abi=hard -nostartfiles -g -Wall -Wextra"
"Running Make include in ps7_cortexa9_0/libsrc/scuwdt_v2_1/src"
make -C ps7_cortexa9_0/libsrc/scuwdt_v2_1/src -s include  "SHELL=CMD" "COMPILER=arm-none-eabi-gcc" "ARCHIVER=arm-none-eabi-ar" "COMPILER_FLAGS=  -O2 -c" "EXTRA_COMPILER_FLAGS=-mcpu=cortex-a9 -mfpu=vfpv3 -mfloat-abi=hard -nostartfiles -g -Wall -Wextra"
"Running Make include in ps7_cortexa9_0/libsrc/sdps_v3_7/src"
make -C ps7_cortexa9_0/libsrc/sdps_v3_7/src -s include  "SHELL=CMD" "COMPILER=arm-none-eabi-gcc" "ARCHIVER=arm-none-eabi-ar" "COMPILER_FLAGS=  -O2 -c" "EXTRA_COMPILER_FLAGS=-mcpu=cortex-a9 -mfpu=vfpv3 -mfloat-abi=hard -nostartfiles -g -Wall -Wextra"
"Running Make include in ps7_cortexa9_0/libsrc/standalone_v7_0/src"
make -C ps7_cortexa9_0/libsrc/standalone_v7_0/src -s include  "SHELL=CMD" "COMPILER=arm-none-eabi-gcc" "ARCHIVER=arm-none-eabi-ar" "COMPILER_FLAGS=  -O2 -c" "EXTRA_COMPILER_FLAGS=-mcpu=cortex-a9 -mfpu=vfpv3 -mfloat-abi=hard -nostartfiles -g -Wall -Wextra"
"Running Make include in ps7_cortexa9_0/libsrc/uartps_v3_7/src"
make -C ps7_cortexa9_0/libsrc/uartps_v3_7/src -s include  "SHELL=CMD" "COMPILER=arm-none-eabi-gcc" "ARCHIVER=arm-none-eabi-ar" "COMPILER_FLAGS=  -O2 -c" "EXTRA_COMPILER_FLAGS=-mcpu=cortex-a9 -mfpu=vfpv3 -mfloat-abi=hard -nostartfiles -g -Wall -Wextra"
"Running Make include in ps7_cortexa9_0/libsrc/usbps_v2_4/src"
make -C ps7_cortexa9_0/libsrc/usbps_v2_4/src -s include  "SHELL=CMD" "COMPILER=arm-none-eabi-gcc" "ARCHIVER=arm-none-eabi-ar" "COMPILER_FLAGS=  -O2 -c" "EXTRA_COMPILER_FLAGS=-mcpu=cortex-a9 -mfpu=vfpv3 -mfloat-abi=hard -nostartfiles -g -Wall -Wextra"
"Running Make include in ps7_cortexa9_0/libsrc/xadcps_v2_3/src"
make -C ps7_cortexa9_0/libsrc/xadcps_v2_3/src -s include  "SHELL=CMD" "COMPILER=arm-none-eabi-gcc" "ARCHIVER=arm-none-eabi-ar" "COMPILER_FLAGS=  -O2 -c" "EXTRA_COMPILER_FLAGS=-mcpu=cortex-a9 -mfpu=vfpv3 -mfloat-abi=hard -nostartfiles -g -Wall -Wextra"
"Running Make libs in ps7_cortexa9_0/libsrc/AES_v1_0/src"
make -C ps7_cortexa9_0/libsrc/AES_v1_0/src -s libs  "SHELL=CMD" "COMPILER=arm-none-eabi-gcc" "ARCHIVER=arm-none-eabi-ar" "COMPILER_FLAGS=  -O2 -c" "EXTRA_COMPILER_FLAGS=-mcpu=cortex-a9 -mfpu=vfpv3 -mfloat-abi=hard -nostartfiles -g -Wall -Wextra"
"Compiling AES..."
AES_selftest.c: In function 'AES_Reg_SelfTest':
AES_selftest.c:52:52: warning: comparison of integer expressions of different signedness: 'u32' {aka 'long unsigned int'} and 'int' [-Wsign-compare]
    if ( AES_mReadReg (baseaddr, read_loop_index*4) != (read_loop_index+1)*READ_WRITE_MUL_FACTOR){
                                                    ^~
AES_selftest.c:36:6: warning: unused variable 'Index' [-Wunused-variable]
  int Index;
      ^~~~~
arm-none-eabi-ar: creating ../../../lib/libxil.a
"Running Make libs in ps7_cortexa9_0/libsrc/coresightps_dcc_v1_5/src"
make -C ps7_cortexa9_0/libsrc/coresightps_dcc_v1_5/src -s libs  "SHELL=CMD" "COMPILER=arm-none-eabi-gcc" "ARCHIVER=arm-none-eabi-ar" "COMPILER_FLAGS=  -O2 -c" "EXTRA_COMPILER_FLAGS=-mcpu=cortex-a9 -mfpu=vfpv3 -mfloat-abi=hard -nostartfiles -g -Wall -Wextra"
"Compiling coresightps_dcc"
"Running Make libs in ps7_cortexa9_0/libsrc/cpu_cortexa9_v2_7/src"
make -C ps7_cortexa9_0/libsrc/cpu_cortexa9_v2_7/src -s libs  "SHELL=CMD" "COMPILER=arm-none-eabi-gcc" "ARCHIVER=arm-none-eabi-ar" "COMPILER_FLAGS=  -O2 -c" "EXTRA_COMPILER_FLAGS=-mcpu=cortex-a9 -mfpu=vfpv3 -mfloat-abi=hard -nostartfiles -g -Wall -Wextra"
"Compiling cpu_cortexa9"
"Running Make libs in ps7_cortexa9_0/libsrc/ddrps_v1_0/src"
make -C ps7_cortexa9_0/libsrc/ddrps_v1_0/src -s libs  "SHELL=CMD" "COMPILER=arm-none-eabi-gcc" "ARCHIVER=arm-none-eabi-ar" "COMPILER_FLAGS=  -O2 -c" "EXTRA_COMPILER_FLAGS=-mcpu=cortex-a9 -mfpu=vfpv3 -mfloat-abi=hard -nostartfiles -g -Wall -Wextra"
"Compiling ddrps"
"Running Make libs in ps7_cortexa9_0/libsrc/devcfg_v3_5/src"
make -C ps7_cortexa9_0/libsrc/devcfg_v3_5/src -s libs  "SHELL=CMD" "COMPILER=arm-none-eabi-gcc" "ARCHIVER=arm-none-eabi-ar" "COMPILER_FLAGS=  -O2 -c" "EXTRA_COMPILER_FLAGS=-mcpu=cortex-a9 -mfpu=vfpv3 -mfloat-abi=hard -nostartfiles -g -Wall -Wextra"
"Compiling devcfg"
"Running Make libs in ps7_cortexa9_0/libsrc/dmaps_v2_4/src"
make -C ps7_cortexa9_0/libsrc/dmaps_v2_4/src -s libs  "SHELL=CMD" "COMPILER=arm-none-eabi-gcc" "ARCHIVER=arm-none-eabi-ar" "COMPILER_FLAGS=  -O2 -c" "EXTRA_COMPILER_FLAGS=-mcpu=cortex-a9 -mfpu=vfpv3 -mfloat-abi=hard -nostartfiles -g -Wall -Wextra"
"Compiling dmaps"
"Running Make libs in ps7_cortexa9_0/libsrc/emacps_v3_9/src"
make -C ps7_cortexa9_0/libsrc/emacps_v3_9/src -s libs  "SHELL=CMD" "COMPILER=arm-none-eabi-gcc" "ARCHIVER=arm-none-eabi-ar" "COMPILER_FLAGS=  -O2 -c" "EXTRA_COMPILER_FLAGS=-mcpu=cortex-a9 -mfpu=vfpv3 -mfloat-abi=hard -nostartfiles -g -Wall -Wextra"
"Compiling emacps"
"Running Make libs in ps7_cortexa9_0/libsrc/gpiops_v3_5/src"
make -C ps7_cortexa9_0/libsrc/gpiops_v3_5/src -s libs  "SHELL=CMD" "COMPILER=arm-none-eabi-gcc" "ARCHIVER=arm-none-eabi-ar" "COMPILER_FLAGS=  -O2 -c" "EXTRA_COMPILER_FLAGS=-mcpu=cortex-a9 -mfpu=vfpv3 -mfloat-abi=hard -nostartfiles -g -Wall -Wextra"
"Compiling gpiops"
"Running Make libs in ps7_cortexa9_0/libsrc/qspips_v3_6/src"
make -C ps7_cortexa9_0/libsrc/qspips_v3_6/src -s libs  "SHELL=CMD" "COMPILER=arm-none-eabi-gcc" "ARCHIVER=arm-none-eabi-ar" "COMPILER_FLAGS=  -O2 -c" "EXTRA_COMPILER_FLAGS=-mcpu=cortex-a9 -mfpu=vfpv3 -mfloat-abi=hard -nostartfiles -g -Wall -Wextra"
"Compiling qspips"
"Running Make libs in ps7_cortexa9_0/libsrc/scugic_v4_0/src"
make -C ps7_cortexa9_0/libsrc/scugic_v4_0/src -s libs  "SHELL=CMD" "COMPILER=arm-none-eabi-gcc" "ARCHIVER=arm-none-eabi-ar" "COMPILER_FLAGS=  -O2 -c" "EXTRA_COMPILER_FLAGS=-mcpu=cortex-a9 -mfpu=vfpv3 -mfloat-abi=hard -nostartfiles -g -Wall -Wextra"
"Compiling scugic"
"Running Make libs in ps7_cortexa9_0/libsrc/scutimer_v2_1/src"
make -C ps7_cortexa9_0/libsrc/scutimer_v2_1/src -s libs  "SHELL=CMD" "COMPILER=arm-none-eabi-gcc" "ARCHIVER=arm-none-eabi-ar" "COMPILER_FLAGS=  -O2 -c" "EXTRA_COMPILER_FLAGS=-mcpu=cortex-a9 -mfpu=vfpv3 -mfloat-abi=hard -nostartfiles -g -Wall -Wextra"
"Compiling scutimer"
"Running Make libs in ps7_cortexa9_0/libsrc/scuwdt_v2_1/src"
make -C ps7_cortexa9_0/libsrc/scuwdt_v2_1/src -s libs  "SHELL=CMD" "COMPILER=arm-none-eabi-gcc" "ARCHIVER=arm-none-eabi-ar" "COMPILER_FLAGS=  -O2 -c" "EXTRA_COMPILER_FLAGS=-mcpu=cortex-a9 -mfpu=vfpv3 -mfloat-abi=hard -nostartfiles -g -Wall -Wextra"
"Compiling scuwdt"
"Running Make libs in ps7_cortexa9_0/libsrc/sdps_v3_7/src"
make -C ps7_cortexa9_0/libsrc/sdps_v3_7/src -s libs  "SHELL=CMD" "COMPILER=arm-none-eabi-gcc" "ARCHIVER=arm-none-eabi-ar" "COMPILER_FLAGS=  -O2 -c" "EXTRA_COMPILER_FLAGS=-mcpu=cortex-a9 -mfpu=vfpv3 -mfloat-abi=hard -nostartfiles -g -Wall -Wextra"
"Compiling sdps"
"Running Make libs in ps7_cortexa9_0/libsrc/standalone_v7_0/src"
make -C ps7_cortexa9_0/libsrc/standalone_v7_0/src -s libs  "SHELL=CMD" "COMPILER=arm-none-eabi-gcc" "ARCHIVER=arm-none-eabi-ar" "COMPILER_FLAGS=  -O2 -c" "EXTRA_COMPILER_FLAGS=-mcpu=cortex-a9 -mfpu=vfpv3 -mfloat-abi=hard -nostartfiles -g -Wall -Wextra"
"Compiling standalone"
In file included from usleep.c:56:
xtime_l.h:87:9: note: #pragma message: For the sleep routines, Global timer is being used
 #pragma message ("For the sleep routines, Global timer is being used")
         ^~~~~~~
In file included from xil_sleeptimer.c:51:
xtime_l.h:87:9: note: #pragma message: For the sleep routines, Global timer is being used
 #pragma message ("For the sleep routines, Global timer is being used")
         ^~~~~~~
In file included from xtime_l.c:49:
xtime_l.h:87:9: note: #pragma message: For the sleep routines, Global timer is being used
 #pragma message ("For the sleep routines, Global timer is being used")
         ^~~~~~~
In file included from sleep.c:53:
xtime_l.h:87:9: note: #pragma message: For the sleep routines, Global timer is being used
 #pragma message ("For the sleep routines, Global timer is being used")
         ^~~~~~~
"Running Make libs in ps7_cortexa9_0/libsrc/uartps_v3_7/src"
make -C ps7_cortexa9_0/libsrc/uartps_v3_7/src -s libs  "SHELL=CMD" "COMPILER=arm-none-eabi-gcc" "ARCHIVER=arm-none-eabi-ar" "COMPILER_FLAGS=  -O2 -c" "EXTRA_COMPILER_FLAGS=-mcpu=cortex-a9 -mfpu=vfpv3 -mfloat-abi=hard -nostartfiles -g -Wall -Wextra"
"Compiling uartps"
"Running Make libs in ps7_cortexa9_0/libsrc/usbps_v2_4/src"
make -C ps7_cortexa9_0/libsrc/usbps_v2_4/src -s libs  "SHELL=CMD" "COMPILER=arm-none-eabi-gcc" "ARCHIVER=arm-none-eabi-ar" "COMPILER_FLAGS=  -O2 -c" "EXTRA_COMPILER_FLAGS=-mcpu=cortex-a9 -mfpu=vfpv3 -mfloat-abi=hard -nostartfiles -g -Wall -Wextra"
"Compiling usbps"
"Running Make libs in ps7_cortexa9_0/libsrc/xadcps_v2_3/src"
make -C ps7_cortexa9_0/libsrc/xadcps_v2_3/src -s libs  "SHELL=CMD" "COMPILER=arm-none-eabi-gcc" "ARCHIVER=arm-none-eabi-ar" "COMPILER_FLAGS=  -O2 -c" "EXTRA_COMPILER_FLAGS=-mcpu=cortex-a9 -mfpu=vfpv3 -mfloat-abi=hard -nostartfiles -g -Wall -Wextra"
"Compiling xadcps"
'Finished building libraries'

**** Build of configuration Debug for project AES ****

Nothing to build for project AES
20:19:55 **** Auto Build of configuration Debug for project AES ****
make pre-build main-build 
a9-linaro-pre-build-step
' '
'Building file: ../src/main.c'
'Invoking: ARM v7 gcc compiler'
arm-none-eabi-gcc -Wall -O0 -g3 -c -fmessage-length=0 -MT"src/main.o" -mcpu=cortex-a9 -mfpu=vfpv3 -mfloat-abi=hard -I../../AES_bsp/ps7_cortexa9_0/include -MMD -MP -MF"src/main.d" -MT"src/main.o" -o "src/main.o" "../src/main.c"
../src/main.c: In function 'main':
../src/main.c:21:11: warning: format '%d' expects argument of type 'int *', but argument 2 has type 'u32 *' {aka 'long unsigned int *'} [-Wformat=]
   scanf("%d", &sel);
          ~^   ~~~~
          %ld
../src/main.c:22:12: warning: format '%d' expects argument of type 'int', but argument 2 has type 'u32' {aka 'long unsigned int'} [-Wformat=]
   printf("%d\r\n", sel);
           ~^       ~~~
           %ld
../src/main.c:27:12: warning: format '%x' expects argument of type 'unsigned int *', but argument 2 has type 'u32 *' {aka 'long unsigned int *'} [-Wformat=]
    scanf("%x", &in4);
           ~^   ~~~~
           %lx
../src/main.c:28:13: warning: format '%x' expects argument of type 'unsigned int', but argument 2 has type 'u32' {aka 'long unsigned int'} [-Wformat=]
    printf("%x\r\n", in4);
            ~^       ~~~
            %lx
../src/main.c:30:12: warning: format '%x' expects argument of type 'unsigned int *', but argument 2 has type 'u32 *' {aka 'long unsigned int *'} [-Wformat=]
    scanf("%x", &in3);
           ~^   ~~~~
           %lx
../src/main.c:31:13: warning: format '%x' expects argument of type 'unsigned int', but argument 2 has type 'u32' {aka 'long unsigned int'} [-Wformat=]
    printf("%x\r\n", in3);
            ~^       ~~~
            %lx
../src/main.c:33:12: warning: format '%x' expects argument of type 'unsigned int *', but argument 2 has type 'u32 *' {aka 'long unsigned int *'} [-Wformat=]
    scanf("%x", &in2);
           ~^   ~~~~
           %lx
../src/main.c:34:13: warning: format '%x' expects argument of type 'unsigned int', but argument 2 has type 'u32' {aka 'long unsigned int'} [-Wformat=]
    printf("%x\r\n", in2);
            ~^       ~~~
            %lx
../src/main.c:36:12: warning: format '%x' expects argument of type 'unsigned int *', but argument 2 has type 'u32 *' {aka 'long unsigned int *'} [-Wformat=]
    scanf("%x", &in1);
           ~^   ~~~~
           %lx
../src/main.c:37:13: warning: format '%x' expects argument of type 'unsigned int', but argument 2 has type 'u32' {aka 'long unsigned int'} [-Wformat=]
    printf("%x\r\n", in1);
            ~^       ~~~
            %lx
../src/main.c:41:12: warning: format '%x' expects argument of type 'unsigned int *', but argument 2 has type 'u32 *' {aka 'long unsigned int *'} [-Wformat=]
    scanf("%x", &in4);
           ~^   ~~~~
           %lx
../src/main.c:42:13: warning: format '%x' expects argument of type 'unsigned int', but argument 2 has type 'u32' {aka 'long unsigned int'} [-Wformat=]
    printf("%x\r\n", in4);
            ~^       ~~~
            %lx
../src/main.c:44:12: warning: format '%x' expects argument of type 'unsigned int *', but argument 2 has type 'u32 *' {aka 'long unsigned int *'} [-Wformat=]
    scanf("%x", &in3);
           ~^   ~~~~
           %lx
../src/main.c:45:13: warning: format '%x' expects argument of type 'unsigned int', but argument 2 has type 'u32' {aka 'long unsigned int'} [-Wformat=]
    printf("%x\r\n", in3);
            ~^       ~~~
            %lx
../src/main.c:47:12: warning: format '%x' expects argument of type 'unsigned int *', but argument 2 has type 'u32 *' {aka 'long unsigned int *'} [-Wformat=]
    scanf("%x", &in2);
           ~^   ~~~~
           %lx
../src/main.c:48:13: warning: format '%x' expects argument of type 'unsigned int', but argument 2 has type 'u32' {aka 'long unsigned int'} [-Wformat=]
    printf("%x\r\n", in2);
            ~^       ~~~
            %lx
../src/main.c:50:12: warning: format '%x' expects argument of type 'unsigned int *', but argument 2 has type 'u32 *' {aka 'long unsigned int *'} [-Wformat=]
    scanf("%x", &in1);
           ~^   ~~~~
           %lx
../src/main.c:51:13: warning: format '%x' expects argument of type 'unsigned int', but argument 2 has type 'u32' {aka 'long unsigned int'} [-Wformat=]
    printf("%x\r\n", in1);
            ~^       ~~~
            %lx
../src/main.c:60:11: warning: format '%x' expects argument of type 'unsigned int *', but argument 2 has type 'u32 *' {aka 'long unsigned int *'} [-Wformat=]
   scanf("%x", &Key4);
          ~^   ~~~~~
          %lx
../src/main.c:61:12: warning: format '%x' expects argument of type 'unsigned int', but argument 2 has type 'u32' {aka 'long unsigned int'} [-Wformat=]
   printf("%x\r\n", Key4);
           ~^       ~~~~
           %lx
../src/main.c:63:11: warning: format '%x' expects argument of type 'unsigned int *', but argument 2 has type 'u32 *' {aka 'long unsigned int *'} [-Wformat=]
   scanf("%x", &Key3);
          ~^   ~~~~~
          %lx
../src/main.c:64:12: warning: format '%x' expects argument of type 'unsigned int', but argument 2 has type 'u32' {aka 'long unsigned int'} [-Wformat=]
   printf("%x\r\n", Key3);
           ~^       ~~~~
           %lx
../src/main.c:66:11: warning: format '%x' expects argument of type 'unsigned int *', but argument 2 has type 'u32 *' {aka 'long unsigned int *'} [-Wformat=]
   scanf("%x", &Key2);
          ~^   ~~~~~
          %lx
../src/main.c:67:12: warning: format '%x' expects argument of type 'unsigned int', but argument 2 has type 'u32' {aka 'long unsigned int'} [-Wformat=]
   printf("%x\r\n", Key2);
           ~^       ~~~~
           %lx
../src/main.c:69:11: warning: format '%x' expects argument of type 'unsigned int *', but argument 2 has type 'u32 *' {aka 'long unsigned int *'} [-Wformat=]
   scanf("%x", &Key1);
          ~^   ~~~~~
          %lx
../src/main.c:70:12: warning: format '%x' expects argument of type 'unsigned int', but argument 2 has type 'u32' {aka 'long unsigned int'} [-Wformat=]
   printf("%x\r\n", Key1);
           ~^       ~~~~
           %lx
../src/main.c:89:31: warning: format '%x' expects argument of type 'unsigned int', but argument 2 has type 'u32' {aka 'long unsigned int'} [-Wformat=]
    printf("Encryption result:%x %x %x %x\r\n\r\n", out4, out3, out2, out1);
                              ~^                    ~~~~
                              %lx
../src/main.c:89:34: warning: format '%x' expects argument of type 'unsigned int', but argument 3 has type 'u32' {aka 'long unsigned int'} [-Wformat=]
    printf("Encryption result:%x %x %x %x\r\n\r\n", out4, out3, out2, out1);
                                 ~^                       ~~~~
                                 %lx
../src/main.c:89:37: warning: format '%x' expects argument of type 'unsigned int', but argument 4 has type 'u32' {aka 'long unsigned int'} [-Wformat=]
    printf("Encryption result:%x %x %x %x\r\n\r\n", out4, out3, out2, out1);
                                    ~^                          ~~~~
                                    %lx
../src/main.c:89:40: warning: format '%x' expects argument of type 'unsigned int', but argument 5 has type 'u32' {aka 'long unsigned int'} [-Wformat=]
    printf("Encryption result:%x %x %x %x\r\n\r\n", out4, out3, out2, out1);
                                       ~^                             ~~~~
                                       %lx
../src/main.c:91:31: warning: format '%x' expects argument of type 'unsigned int', but argument 2 has type 'u32' {aka 'long unsigned int'} [-Wformat=]
    printf("Decryption result:%x %x %x %x\r\n\r\n", out4, out3, out2, out1);
                              ~^                    ~~~~
                              %lx
../src/main.c:91:34: warning: format '%x' expects argument of type 'unsigned int', but argument 3 has type 'u32' {aka 'long unsigned int'} [-Wformat=]
    printf("Decryption result:%x %x %x %x\r\n\r\n", out4, out3, out2, out1);
                                 ~^                       ~~~~
                                 %lx
../src/main.c:91:37: warning: format '%x' expects argument of type 'unsigned int', but argument 4 has type 'u32' {aka 'long unsigned int'} [-Wformat=]
    printf("Decryption result:%x %x %x %x\r\n\r\n", out4, out3, out2, out1);
                                    ~^                          ~~~~
                                    %lx
../src/main.c:91:40: warning: format '%x' expects argument of type 'unsigned int', but argument 5 has type 'u32' {aka 'long unsigned int'} [-Wformat=]
    printf("Decryption result:%x %x %x %x\r\n\r\n", out4, out3, out2, out1);
                                       ~^                             ~~~~
                                       %lx
'Finished building: ../src/main.c'
' '
'Building target: AES.elf'
'Invoking: ARM v7 gcc linker'
arm-none-eabi-gcc -mcpu=cortex-a9 -mfpu=vfpv3 -mfloat-abi=hard -Wl,-build-id=none -specs=Xilinx.spec -Wl,-T -Wl,../src/lscript.ld -L../../AES_bsp/ps7_cortexa9_0/lib -o "AES.elf"  ./src/main.o   -Wl,--start-group,-lxil,-lgcc,-lc,--end-group
'Finished building target: AES.elf'
' '
'Invoking: ARM v7 Print Size'
arm-none-eabi-size AES.elf  |tee "AES.elf.size"
   text	   data	    bss	    dec	    hex	filename
  99732	   2584	  23328	 125644	  1eacc	AES.elf
'Finished building: AES.elf.size'
' '
20:22:40 **** Incremental Build of configuration Debug for project AES ****
make pre-build main-build 
a9-linaro-pre-build-step
' '
make: Nothing to be done for 'main-build'.
20:23:47 **** Incremental Build of configuration Debug for project AES ****
make pre-build main-build 
a9-linaro-pre-build-step
' '
make: Nothing to be done for 'main-build'.
20:31:29 **** Incremental Build of configuration Debug for project AES ****
make pre-build main-build 
a9-linaro-pre-build-step
' '
make: Nothing to be done for 'main-build'.
20:33:12 **** Auto Build of configuration Debug for project AES ****
make pre-build main-build 
a9-linaro-pre-build-step
' '
'Building file: ../src/main.c'
'Invoking: ARM v7 gcc compiler'
arm-none-eabi-gcc -Wall -O0 -g3 -c -fmessage-length=0 -MT"src/main.o" -mcpu=cortex-a9 -mfpu=vfpv3 -mfloat-abi=hard -I../../AES_bsp/ps7_cortexa9_0/include -MMD -MP -MF"src/main.d" -MT"src/main.o" -o "src/main.o" "../src/main.c"
../src/main.c: In function 'main':
../src/main.c:21:11: warning: format '%d' expects argument of type 'int *', but argument 2 has type 'u32 *' {aka 'long unsigned int *'} [-Wformat=]
   scanf("%d", &sel);
          ~^   ~~~~
          %ld
../src/main.c:22:12: warning: format '%d' expects argument of type 'int', but argument 2 has type 'u32' {aka 'long unsigned int'} [-Wformat=]
   printf("%d\r\n", sel);
           ~^       ~~~
           %ld
../src/main.c:27:12: warning: format '%x' expects argument of type 'unsigned int *', but argument 2 has type 'u32 *' {aka 'long unsigned int *'} [-Wformat=]
    scanf("%x", &in4);
           ~^   ~~~~
           %lx
../src/main.c:28:13: warning: format '%x' expects argument of type 'unsigned int', but argument 2 has type 'u32' {aka 'long unsigned int'} [-Wformat=]
    printf("%x\r\n", in4);
            ~^       ~~~
            %lx
../src/main.c:30:12: warning: format '%x' expects argument of type 'unsigned int *', but argument 2 has type 'u32 *' {aka 'long unsigned int *'} [-Wformat=]
    scanf("%x", &in3);
           ~^   ~~~~
           %lx
../src/main.c:31:13: warning: format '%x' expects argument of type 'unsigned int', but argument 2 has type 'u32' {aka 'long unsigned int'} [-Wformat=]
    printf("%x\r\n", in3);
            ~^       ~~~
            %lx
../src/main.c:33:12: warning: format '%x' expects argument of type 'unsigned int *', but argument 2 has type 'u32 *' {aka 'long unsigned int *'} [-Wformat=]
    scanf("%x", &in2);
           ~^   ~~~~
           %lx
../src/main.c:34:13: warning: format '%x' expects argument of type 'unsigned int', but argument 2 has type 'u32' {aka 'long unsigned int'} [-Wformat=]
    printf("%x\r\n", in2);
            ~^       ~~~
            %lx
../src/main.c:36:12: warning: format '%x' expects argument of type 'unsigned int *', but argument 2 has type 'u32 *' {aka 'long unsigned int *'} [-Wformat=]
    scanf("%x", &in1);
           ~^   ~~~~
           %lx
../src/main.c:37:13: warning: format '%x' expects argument of type 'unsigned int', but argument 2 has type 'u32' {aka 'long unsigned int'} [-Wformat=]
    printf("%x\r\n", in1);
            ~^       ~~~
            %lx
../src/main.c:41:12: warning: format '%x' expects argument of type 'unsigned int *', but argument 2 has type 'u32 *' {aka 'long unsigned int *'} [-Wformat=]
    scanf("%x", &in4);
           ~^   ~~~~
           %lx
../src/main.c:42:13: warning: format '%x' expects argument of type 'unsigned int', but argument 2 has type 'u32' {aka 'long unsigned int'} [-Wformat=]
    printf("%x\r\n", in4);
            ~^       ~~~
            %lx
../src/main.c:44:12: warning: format '%x' expects argument of type 'unsigned int *', but argument 2 has type 'u32 *' {aka 'long unsigned int *'} [-Wformat=]
    scanf("%x", &in3);
           ~^   ~~~~
           %lx
../src/main.c:45:13: warning: format '%x' expects argument of type 'unsigned int', but argument 2 has type 'u32' {aka 'long unsigned int'} [-Wformat=]
    printf("%x\r\n", in3);
            ~^       ~~~
            %lx
../src/main.c:47:12: warning: format '%x' expects argument of type 'unsigned int *', but argument 2 has type 'u32 *' {aka 'long unsigned int *'} [-Wformat=]
    scanf("%x", &in2);
           ~^   ~~~~
           %lx
../src/main.c:48:13: warning: format '%x' expects argument of type 'unsigned int', but argument 2 has type 'u32' {aka 'long unsigned int'} [-Wformat=]
    printf("%x\r\n", in2);
            ~^       ~~~
            %lx
../src/main.c:50:12: warning: format '%x' expects argument of type 'unsigned int *', but argument 2 has type 'u32 *' {aka 'long unsigned int *'} [-Wformat=]
    scanf("%x", &in1);
           ~^   ~~~~
           %lx
../src/main.c:51:13: warning: format '%x' expects argument of type 'unsigned int', but argument 2 has type 'u32' {aka 'long unsigned int'} [-Wformat=]
    printf("%x\r\n", in1);
            ~^       ~~~
            %lx
../src/main.c:60:11: warning: format '%x' expects argument of type 'unsigned int *', but argument 2 has type 'u32 *' {aka 'long unsigned int *'} [-Wformat=]
   scanf("%x", &Key4);
          ~^   ~~~~~
          %lx
../src/main.c:61:12: warning: format '%x' expects argument of type 'unsigned int', but argument 2 has type 'u32' {aka 'long unsigned int'} [-Wformat=]
   printf("%x\r\n", Key4);
           ~^       ~~~~
           %lx
../src/main.c:63:11: warning: format '%x' expects argument of type 'unsigned int *', but argument 2 has type 'u32 *' {aka 'long unsigned int *'} [-Wformat=]
   scanf("%x", &Key3);
          ~^   ~~~~~
          %lx
../src/main.c:64:12: warning: format '%x' expects argument of type 'unsigned int', but argument 2 has type 'u32' {aka 'long unsigned int'} [-Wformat=]
   printf("%x\r\n", Key3);
           ~^       ~~~~
           %lx
../src/main.c:66:11: warning: format '%x' expects argument of type 'unsigned int *', but argument 2 has type 'u32 *' {aka 'long unsigned int *'} [-Wformat=]
   scanf("%x", &Key2);
          ~^   ~~~~~
          %lx
../src/main.c:67:12: warning: format '%x' expects argument of type 'unsigned int', but argument 2 has type 'u32' {aka 'long unsigned int'} [-Wformat=]
   printf("%x\r\n", Key2);
           ~^       ~~~~
           %lx
../src/main.c:69:11: warning: format '%x' expects argument of type 'unsigned int *', but argument 2 has type 'u32 *' {aka 'long unsigned int *'} [-Wformat=]
   scanf("%x", &Key1);
          ~^   ~~~~~
          %lx
../src/main.c:70:12: warning: format '%x' expects argument of type 'unsigned int', but argument 2 has type 'u32' {aka 'long unsigned int'} [-Wformat=]
   printf("%x\r\n", Key1);
           ~^       ~~~~
           %lx
../src/main.c:89:31: warning: format '%x' expects argument of type 'unsigned int', but argument 2 has type 'u32' {aka 'long unsigned int'} [-Wformat=]
    printf("Encryption result:%x %x %x %x\r\n\r\n", out4, out3, out2, out1);
                              ~^                    ~~~~
                              %lx
../src/main.c:89:34: warning: format '%x' expects argument of type 'unsigned int', but argument 3 has type 'u32' {aka 'long unsigned int'} [-Wformat=]
    printf("Encryption result:%x %x %x %x\r\n\r\n", out4, out3, out2, out1);
                                 ~^                       ~~~~
                                 %lx
../src/main.c:89:37: warning: format '%x' expects argument of type 'unsigned int', but argument 4 has type 'u32' {aka 'long unsigned int'} [-Wformat=]
    printf("Encryption result:%x %x %x %x\r\n\r\n", out4, out3, out2, out1);
                                    ~^                          ~~~~
                                    %lx
../src/main.c:89:40: warning: format '%x' expects argument of type 'unsigned int', but argument 5 has type 'u32' {aka 'long unsigned int'} [-Wformat=]
    printf("Encryption result:%x %x %x %x\r\n\r\n", out4, out3, out2, out1);
                                       ~^                             ~~~~
                                       %lx
../src/main.c:91:31: warning: format '%x' expects argument of type 'unsigned int', but argument 2 has type 'u32' {aka 'long unsigned int'} [-Wformat=]
    printf("Decryption result:%x %x %x %x\r\n\r\n", out4, out3, out2, out1);
                              ~^                    ~~~~
                              %lx
../src/main.c:91:34: warning: format '%x' expects argument of type 'unsigned int', but argument 3 has type 'u32' {aka 'long unsigned int'} [-Wformat=]
    printf("Decryption result:%x %x %x %x\r\n\r\n", out4, out3, out2, out1);
                                 ~^                       ~~~~
                                 %lx
../src/main.c:91:37: warning: format '%x' expects argument of type 'unsigned int', but argument 4 has type 'u32' {aka 'long unsigned int'} [-Wformat=]
    printf("Decryption result:%x %x %x %x\r\n\r\n", out4, out3, out2, out1);
                                    ~^                          ~~~~
                                    %lx
../src/main.c:91:40: warning: format '%x' expects argument of type 'unsigned int', but argument 5 has type 'u32' {aka 'long unsigned int'} [-Wformat=]
    printf("Decryption result:%x %x %x %x\r\n\r\n", out4, out3, out2, out1);
                                       ~^                             ~~~~
                                       %lx
'Finished building: ../src/main.c'
' '
'Building target: AES.elf'
'Invoking: ARM v7 gcc linker'
arm-none-eabi-gcc -mcpu=cortex-a9 -mfpu=vfpv3 -mfloat-abi=hard -Wl,-build-id=none -specs=Xilinx.spec -Wl,-T -Wl,../src/lscript.ld -L../../AES_bsp/ps7_cortexa9_0/lib -o "AES.elf"  ./src/main.o   -Wl,--start-group,-lxil,-lgcc,-lc,--end-group
'Finished building target: AES.elf'
' '
'Invoking: ARM v7 Print Size'
arm-none-eabi-size AES.elf  |tee "AES.elf.size"
   text	   data	    bss	    dec	    hex	filename
  99732	   2584	  23328	 125644	  1eacc	AES.elf
'Finished building: AES.elf.size'
' '
20:34:55 **** Incremental Build of configuration Debug for project AES ****
make pre-build main-build 
a9-linaro-pre-build-step
' '
make: Nothing to be done for 'main-build'.
20:39:20 **** Auto Build of configuration Debug for project AES ****
make pre-build main-build 
a9-linaro-pre-build-step
' '
'Building file: ../src/main.c'
'Invoking: ARM v7 gcc compiler'
arm-none-eabi-gcc -Wall -O0 -g3 -c -fmessage-length=0 -MT"src/main.o" -mcpu=cortex-a9 -mfpu=vfpv3 -mfloat-abi=hard -I../../AES_bsp/ps7_cortexa9_0/include -MMD -MP -MF"src/main.d" -MT"src/main.o" -o "src/main.o" "../src/main.c"
../src/main.c: In function 'main':
../src/main.c:21:11: warning: format '%d' expects argument of type 'int *', but argument 2 has type 'u32 *' {aka 'long unsigned int *'} [-Wformat=]
   scanf("%d", &sel);
          ~^   ~~~~
          %ld
../src/main.c:22:12: warning: format '%d' expects argument of type 'int', but argument 2 has type 'u32' {aka 'long unsigned int'} [-Wformat=]
   printf("%d\r\n", sel);
           ~^       ~~~
           %ld
../src/main.c:27:12: warning: format '%x' expects argument of type 'unsigned int *', but argument 2 has type 'u32 *' {aka 'long unsigned int *'} [-Wformat=]
    scanf("%x", &in4);
           ~^   ~~~~
           %lx
../src/main.c:28:13: warning: format '%x' expects argument of type 'unsigned int', but argument 2 has type 'u32' {aka 'long unsigned int'} [-Wformat=]
    printf("%x\r\n", in4);
            ~^       ~~~
            %lx
../src/main.c:30:12: warning: format '%x' expects argument of type 'unsigned int *', but argument 2 has type 'u32 *' {aka 'long unsigned int *'} [-Wformat=]
    scanf("%x", &in3);
           ~^   ~~~~
           %lx
../src/main.c:31:13: warning: format '%x' expects argument of type 'unsigned int', but argument 2 has type 'u32' {aka 'long unsigned int'} [-Wformat=]
    printf("%x\r\n", in3);
            ~^       ~~~
            %lx
../src/main.c:33:12: warning: format '%x' expects argument of type 'unsigned int *', but argument 2 has type 'u32 *' {aka 'long unsigned int *'} [-Wformat=]
    scanf("%x", &in2);
           ~^   ~~~~
           %lx
../src/main.c:34:13: warning: format '%x' expects argument of type 'unsigned int', but argument 2 has type 'u32' {aka 'long unsigned int'} [-Wformat=]
    printf("%x\r\n", in2);
            ~^       ~~~
            %lx
../src/main.c:36:12: warning: format '%x' expects argument of type 'unsigned int *', but argument 2 has type 'u32 *' {aka 'long unsigned int *'} [-Wformat=]
    scanf("%x", &in1);
           ~^   ~~~~
           %lx
../src/main.c:37:13: warning: format '%x' expects argument of type 'unsigned int', but argument 2 has type 'u32' {aka 'long unsigned int'} [-Wformat=]
    printf("%x\r\n", in1);
            ~^       ~~~
            %lx
../src/main.c:41:12: warning: format '%x' expects argument of type 'unsigned int *', but argument 2 has type 'u32 *' {aka 'long unsigned int *'} [-Wformat=]
    scanf("%x", &in4);
           ~^   ~~~~
           %lx
../src/main.c:42:13: warning: format '%x' expects argument of type 'unsigned int', but argument 2 has type 'u32' {aka 'long unsigned int'} [-Wformat=]
    printf("%x\r\n", in4);
            ~^       ~~~
            %lx
../src/main.c:44:12: warning: format '%x' expects argument of type 'unsigned int *', but argument 2 has type 'u32 *' {aka 'long unsigned int *'} [-Wformat=]
    scanf("%x", &in3);
           ~^   ~~~~
           %lx
../src/main.c:45:13: warning: format '%x' expects argument of type 'unsigned int', but argument 2 has type 'u32' {aka 'long unsigned int'} [-Wformat=]
    printf("%x\r\n", in3);
            ~^       ~~~
            %lx
../src/main.c:47:12: warning: format '%x' expects argument of type 'unsigned int *', but argument 2 has type 'u32 *' {aka 'long unsigned int *'} [-Wformat=]
    scanf("%x", &in2);
           ~^   ~~~~
           %lx
../src/main.c:48:13: warning: format '%x' expects argument of type 'unsigned int', but argument 2 has type 'u32' {aka 'long unsigned int'} [-Wformat=]
    printf("%x\r\n", in2);
            ~^       ~~~
            %lx
../src/main.c:50:12: warning: format '%x' expects argument of type 'unsigned int *', but argument 2 has type 'u32 *' {aka 'long unsigned int *'} [-Wformat=]
    scanf("%x", &in1);
           ~^   ~~~~
           %lx
../src/main.c:51:13: warning: format '%x' expects argument of type 'unsigned int', but argument 2 has type 'u32' {aka 'long unsigned int'} [-Wformat=]
    printf("%x\r\n", in1);
            ~^       ~~~
            %lx
../src/main.c:60:11: warning: format '%x' expects argument of type 'unsigned int *', but argument 2 has type 'u32 *' {aka 'long unsigned int *'} [-Wformat=]
   scanf("%x", &Key4);
          ~^   ~~~~~
          %lx
../src/main.c:61:12: warning: format '%x' expects argument of type 'unsigned int', but argument 2 has type 'u32' {aka 'long unsigned int'} [-Wformat=]
   printf("%x\r\n", Key4);
           ~^       ~~~~
           %lx
../src/main.c:63:11: warning: format '%x' expects argument of type 'unsigned int *', but argument 2 has type 'u32 *' {aka 'long unsigned int *'} [-Wformat=]
   scanf("%x", &Key3);
          ~^   ~~~~~
          %lx
../src/main.c:64:12: warning: format '%x' expects argument of type 'unsigned int', but argument 2 has type 'u32' {aka 'long unsigned int'} [-Wformat=]
   printf("%x\r\n", Key3);
           ~^       ~~~~
           %lx
../src/main.c:66:11: warning: format '%x' expects argument of type 'unsigned int *', but argument 2 has type 'u32 *' {aka 'long unsigned int *'} [-Wformat=]
   scanf("%x", &Key2);
          ~^   ~~~~~
          %lx
../src/main.c:67:12: warning: format '%x' expects argument of type 'unsigned int', but argument 2 has type 'u32' {aka 'long unsigned int'} [-Wformat=]
   printf("%x\r\n", Key2);
           ~^       ~~~~
           %lx
../src/main.c:69:11: warning: format '%x' expects argument of type 'unsigned int *', but argument 2 has type 'u32 *' {aka 'long unsigned int *'} [-Wformat=]
   scanf("%x", &Key1);
          ~^   ~~~~~
          %lx
../src/main.c:70:12: warning: format '%x' expects argument of type 'unsigned int', but argument 2 has type 'u32' {aka 'long unsigned int'} [-Wformat=]
   printf("%x\r\n", Key1);
           ~^       ~~~~
           %lx
../src/main.c:89:31: warning: format '%x' expects argument of type 'unsigned int', but argument 2 has type 'u32' {aka 'long unsigned int'} [-Wformat=]
    printf("Encryption result:%x %x %x %x\r\n\r\n", out4, out3, out2, out1);
                              ~^                    ~~~~
                              %lx
../src/main.c:89:34: warning: format '%x' expects argument of type 'unsigned int', but argument 3 has type 'u32' {aka 'long unsigned int'} [-Wformat=]
    printf("Encryption result:%x %x %x %x\r\n\r\n", out4, out3, out2, out1);
                                 ~^                       ~~~~
                                 %lx
../src/main.c:89:37: warning: format '%x' expects argument of type 'unsigned int', but argument 4 has type 'u32' {aka 'long unsigned int'} [-Wformat=]
    printf("Encryption result:%x %x %x %x\r\n\r\n", out4, out3, out2, out1);
                                    ~^                          ~~~~
                                    %lx
../src/main.c:89:40: warning: format '%x' expects argument of type 'unsigned int', but argument 5 has type 'u32' {aka 'long unsigned int'} [-Wformat=]
    printf("Encryption result:%x %x %x %x\r\n\r\n", out4, out3, out2, out1);
                                       ~^                             ~~~~
                                       %lx
../src/main.c:91:31: warning: format '%x' expects argument of type 'unsigned int', but argument 2 has type 'u32' {aka 'long unsigned int'} [-Wformat=]
    printf("Decryption result:%x %x %x %x\r\n\r\n", out4, out3, out2, out1);
                              ~^                    ~~~~
                              %lx
../src/main.c:91:34: warning: format '%x' expects argument of type 'unsigned int', but argument 3 has type 'u32' {aka 'long unsigned int'} [-Wformat=]
    printf("Decryption result:%x %x %x %x\r\n\r\n", out4, out3, out2, out1);
                                 ~^                       ~~~~
                                 %lx
../src/main.c:91:37: warning: format '%x' expects argument of type 'unsigned int', but argument 4 has type 'u32' {aka 'long unsigned int'} [-Wformat=]
    printf("Decryption result:%x %x %x %x\r\n\r\n", out4, out3, out2, out1);
                                    ~^                          ~~~~
                                    %lx
../src/main.c:91:40: warning: format '%x' expects argument of type 'unsigned int', but argument 5 has type 'u32' {aka 'long unsigned int'} [-Wformat=]
    printf("Decryption result:%x %x %x %x\r\n\r\n", out4, out3, out2, out1);
                                       ~^                             ~~~~
                                       %lx
'Finished building: ../src/main.c'
' '
'Building target: AES.elf'
'Invoking: ARM v7 gcc linker'
arm-none-eabi-gcc -mcpu=cortex-a9 -mfpu=vfpv3 -mfloat-abi=hard -Wl,-build-id=none -specs=Xilinx.spec -Wl,-T -Wl,../src/lscript.ld -L../../AES_bsp/ps7_cortexa9_0/lib -o "AES.elf"  ./src/main.o   -Wl,--start-group,-lxil,-lgcc,-lc,--end-group
'Finished building target: AES.elf'
' '
'Invoking: ARM v7 Print Size'
arm-none-eabi-size AES.elf  |tee "AES.elf.size"
   text	   data	    bss	    dec	    hex	filename
  99732	   2584	  23328	 125644	  1eacc	AES.elf
'Finished building: AES.elf.size'
' '
20:39:29 **** Incremental Build of configuration Debug for project AES ****
make pre-build main-build 
a9-linaro-pre-build-step
' '
make: Nothing to be done for 'main-build'.
17:09:12 **** Incremental Build of configuration Debug for project AES ****
make pre-build main-build 
a9-linaro-pre-build-step
' '
make: Nothing to be done for 'main-build'.
17:43:56 **** Incremental Build of configuration Debug for project AES ****
make pre-build main-build 
a9-linaro-pre-build-step
' '
make: Nothing to be done for 'main-build'.
19:21:12 **** Auto Build of project AES_bsp ****
make -k all 
"Running Make include in ps7_cortexa9_0/libsrc/AES_v1_0/src"
make -C ps7_cortexa9_0/libsrc/AES_v1_0/src -s include  "SHELL=CMD" "COMPILER=arm-none-eabi-gcc" "ARCHIVER=arm-none-eabi-ar" "COMPILER_FLAGS=  -O2 -c" "EXTRA_COMPILER_FLAGS=-mcpu=cortex-a9 -mfpu=vfpv3 -mfloat-abi=hard -nostartfiles -g -Wall -Wextra"
"Running Make include in ps7_cortexa9_0/libsrc/coresightps_dcc_v1_5/src"
make -C ps7_cortexa9_0/libsrc/coresightps_dcc_v1_5/src -s include  "SHELL=CMD" "COMPILER=arm-none-eabi-gcc" "ARCHIVER=arm-none-eabi-ar" "COMPILER_FLAGS=  -O2 -c" "EXTRA_COMPILER_FLAGS=-mcpu=cortex-a9 -mfpu=vfpv3 -mfloat-abi=hard -nostartfiles -g -Wall -Wextra"
"Running Make include in ps7_cortexa9_0/libsrc/cpu_cortexa9_v2_7/src"
make -C ps7_cortexa9_0/libsrc/cpu_cortexa9_v2_7/src -s include  "SHELL=CMD" "COMPILER=arm-none-eabi-gcc" "ARCHIVER=arm-none-eabi-ar" "COMPILER_FLAGS=  -O2 -c" "EXTRA_COMPILER_FLAGS=-mcpu=cortex-a9 -mfpu=vfpv3 -mfloat-abi=hard -nostartfiles -g -Wall -Wextra"
"Running Make include in ps7_cortexa9_0/libsrc/ddrps_v1_0/src"
make -C ps7_cortexa9_0/libsrc/ddrps_v1_0/src -s include  "SHELL=CMD" "COMPILER=arm-none-eabi-gcc" "ARCHIVER=arm-none-eabi-ar" "COMPILER_FLAGS=  -O2 -c" "EXTRA_COMPILER_FLAGS=-mcpu=cortex-a9 -mfpu=vfpv3 -mfloat-abi=hard -nostartfiles -g -Wall -Wextra"
"Running Make include in ps7_cortexa9_0/libsrc/devcfg_v3_5/src"
make -C ps7_cortexa9_0/libsrc/devcfg_v3_5/src -s include  "SHELL=CMD" "COMPILER=arm-none-eabi-gcc" "ARCHIVER=arm-none-eabi-ar" "COMPILER_FLAGS=  -O2 -c" "EXTRA_COMPILER_FLAGS=-mcpu=cortex-a9 -mfpu=vfpv3 -mfloat-abi=hard -nostartfiles -g -Wall -Wextra"
"Running Make include in ps7_cortexa9_0/libsrc/dmaps_v2_4/src"
make -C ps7_cortexa9_0/libsrc/dmaps_v2_4/src -s include  "SHELL=CMD" "COMPILER=arm-none-eabi-gcc" "ARCHIVER=arm-none-eabi-ar" "COMPILER_FLAGS=  -O2 -c" "EXTRA_COMPILER_FLAGS=-mcpu=cortex-a9 -mfpu=vfpv3 -mfloat-abi=hard -nostartfiles -g -Wall -Wextra"
"Running Make include in ps7_cortexa9_0/libsrc/emacps_v3_9/src"
make -C ps7_cortexa9_0/libsrc/emacps_v3_9/src -s include  "SHELL=CMD" "COMPILER=arm-none-eabi-gcc" "ARCHIVER=arm-none-eabi-ar" "COMPILER_FLAGS=  -O2 -c" "EXTRA_COMPILER_FLAGS=-mcpu=cortex-a9 -mfpu=vfpv3 -mfloat-abi=hard -nostartfiles -g -Wall -Wextra"
"Running Make include in ps7_cortexa9_0/libsrc/gpiops_v3_5/src"
make -C ps7_cortexa9_0/libsrc/gpiops_v3_5/src -s include  "SHELL=CMD" "COMPILER=arm-none-eabi-gcc" "ARCHIVER=arm-none-eabi-ar" "COMPILER_FLAGS=  -O2 -c" "EXTRA_COMPILER_FLAGS=-mcpu=cortex-a9 -mfpu=vfpv3 -mfloat-abi=hard -nostartfiles -g -Wall -Wextra"
"Running Make include in ps7_cortexa9_0/libsrc/qspips_v3_6/src"
make -C ps7_cortexa9_0/libsrc/qspips_v3_6/src -s include  "SHELL=CMD" "COMPILER=arm-none-eabi-gcc" "ARCHIVER=arm-none-eabi-ar" "COMPILER_FLAGS=  -O2 -c" "EXTRA_COMPILER_FLAGS=-mcpu=cortex-a9 -mfpu=vfpv3 -mfloat-abi=hard -nostartfiles -g -Wall -Wextra"
"Running Make include in ps7_cortexa9_0/libsrc/scugic_v4_0/src"
make -C ps7_cortexa9_0/libsrc/scugic_v4_0/src -s include  "SHELL=CMD" "COMPILER=arm-none-eabi-gcc" "ARCHIVER=arm-none-eabi-ar" "COMPILER_FLAGS=  -O2 -c" "EXTRA_COMPILER_FLAGS=-mcpu=cortex-a9 -mfpu=vfpv3 -mfloat-abi=hard -nostartfiles -g -Wall -Wextra"
"Running Make include in ps7_cortexa9_0/libsrc/scutimer_v2_1/src"
make -C ps7_cortexa9_0/libsrc/scutimer_v2_1/src -s include  "SHELL=CMD" "COMPILER=arm-none-eabi-gcc" "ARCHIVER=arm-none-eabi-ar" "COMPILER_FLAGS=  -O2 -c" "EXTRA_COMPILER_FLAGS=-mcpu=cortex-a9 -mfpu=vfpv3 -mfloat-abi=hard -nostartfiles -g -Wall -Wextra"
"Running Make include in ps7_cortexa9_0/libsrc/scuwdt_v2_1/src"
make -C ps7_cortexa9_0/libsrc/scuwdt_v2_1/src -s include  "SHELL=CMD" "COMPILER=arm-none-eabi-gcc" "ARCHIVER=arm-none-eabi-ar" "COMPILER_FLAGS=  -O2 -c" "EXTRA_COMPILER_FLAGS=-mcpu=cortex-a9 -mfpu=vfpv3 -mfloat-abi=hard -nostartfiles -g -Wall -Wextra"
"Running Make include in ps7_cortexa9_0/libsrc/sdps_v3_7/src"
make -C ps7_cortexa9_0/libsrc/sdps_v3_7/src -s include  "SHELL=CMD" "COMPILER=arm-none-eabi-gcc" "ARCHIVER=arm-none-eabi-ar" "COMPILER_FLAGS=  -O2 -c" "EXTRA_COMPILER_FLAGS=-mcpu=cortex-a9 -mfpu=vfpv3 -mfloat-abi=hard -nostartfiles -g -Wall -Wextra"
"Running Make include in ps7_cortexa9_0/libsrc/standalone_v7_0/src"
make -C ps7_cortexa9_0/libsrc/standalone_v7_0/src -s include  "SHELL=CMD" "COMPILER=arm-none-eabi-gcc" "ARCHIVER=arm-none-eabi-ar" "COMPILER_FLAGS=  -O2 -c" "EXTRA_COMPILER_FLAGS=-mcpu=cortex-a9 -mfpu=vfpv3 -mfloat-abi=hard -nostartfiles -g -Wall -Wextra"
"Running Make include in ps7_cortexa9_0/libsrc/uartps_v3_7/src"
make -C ps7_cortexa9_0/libsrc/uartps_v3_7/src -s include  "SHELL=CMD" "COMPILER=arm-none-eabi-gcc" "ARCHIVER=arm-none-eabi-ar" "COMPILER_FLAGS=  -O2 -c" "EXTRA_COMPILER_FLAGS=-mcpu=cortex-a9 -mfpu=vfpv3 -mfloat-abi=hard -nostartfiles -g -Wall -Wextra"
"Running Make include in ps7_cortexa9_0/libsrc/usbps_v2_4/src"
make -C ps7_cortexa9_0/libsrc/usbps_v2_4/src -s include  "SHELL=CMD" "COMPILER=arm-none-eabi-gcc" "ARCHIVER=arm-none-eabi-ar" "COMPILER_FLAGS=  -O2 -c" "EXTRA_COMPILER_FLAGS=-mcpu=cortex-a9 -mfpu=vfpv3 -mfloat-abi=hard -nostartfiles -g -Wall -Wextra"
"Running Make include in ps7_cortexa9_0/libsrc/xadcps_v2_3/src"
make -C ps7_cortexa9_0/libsrc/xadcps_v2_3/src -s include  "SHELL=CMD" "COMPILER=arm-none-eabi-gcc" "ARCHIVER=arm-none-eabi-ar" "COMPILER_FLAGS=  -O2 -c" "EXTRA_COMPILER_FLAGS=-mcpu=cortex-a9 -mfpu=vfpv3 -mfloat-abi=hard -nostartfiles -g -Wall -Wextra"
"Running Make libs in ps7_cortexa9_0/libsrc/AES_v1_0/src"
make -C ps7_cortexa9_0/libsrc/AES_v1_0/src -s libs  "SHELL=CMD" "COMPILER=arm-none-eabi-gcc" "ARCHIVER=arm-none-eabi-ar" "COMPILER_FLAGS=  -O2 -c" "EXTRA_COMPILER_FLAGS=-mcpu=cortex-a9 -mfpu=vfpv3 -mfloat-abi=hard -nostartfiles -g -Wall -Wextra"
"Compiling AES..."
AES_selftest.c: In function 'AES_Reg_SelfTest':
AES_selftest.c:52:52: warning: comparison of integer expressions of different signedness: 'u32' {aka 'long unsigned int'} and 'int' [-Wsign-compare]
    if ( AES_mReadReg (baseaddr, read_loop_index*4) != (read_loop_index+1)*READ_WRITE_MUL_FACTOR){
                                                    ^~
AES_selftest.c:36:6: warning: unused variable 'Index' [-Wunused-variable]
  int Index;
      ^~~~~
"Running Make libs in ps7_cortexa9_0/libsrc/coresightps_dcc_v1_5/src"
make -C ps7_cortexa9_0/libsrc/coresightps_dcc_v1_5/src -s libs  "SHELL=CMD" "COMPILER=arm-none-eabi-gcc" "ARCHIVER=arm-none-eabi-ar" "COMPILER_FLAGS=  -O2 -c" "EXTRA_COMPILER_FLAGS=-mcpu=cortex-a9 -mfpu=vfpv3 -mfloat-abi=hard -nostartfiles -g -Wall -Wextra"
"Compiling coresightps_dcc"
"Running Make libs in ps7_cortexa9_0/libsrc/cpu_cortexa9_v2_7/src"
make -C ps7_cortexa9_0/libsrc/cpu_cortexa9_v2_7/src -s libs  "SHELL=CMD" "COMPILER=arm-none-eabi-gcc" "ARCHIVER=arm-none-eabi-ar" "COMPILER_FLAGS=  -O2 -c" "EXTRA_COMPILER_FLAGS=-mcpu=cortex-a9 -mfpu=vfpv3 -mfloat-abi=hard -nostartfiles -g -Wall -Wextra"
"Compiling cpu_cortexa9"
"Running Make libs in ps7_cortexa9_0/libsrc/ddrps_v1_0/src"
make -C ps7_cortexa9_0/libsrc/ddrps_v1_0/src -s libs  "SHELL=CMD" "COMPILER=arm-none-eabi-gcc" "ARCHIVER=arm-none-eabi-ar" "COMPILER_FLAGS=  -O2 -c" "EXTRA_COMPILER_FLAGS=-mcpu=cortex-a9 -mfpu=vfpv3 -mfloat-abi=hard -nostartfiles -g -Wall -Wextra"
"Compiling ddrps"
"Running Make libs in ps7_cortexa9_0/libsrc/devcfg_v3_5/src"
make -C ps7_cortexa9_0/libsrc/devcfg_v3_5/src -s libs  "SHELL=CMD" "COMPILER=arm-none-eabi-gcc" "ARCHIVER=arm-none-eabi-ar" "COMPILER_FLAGS=  -O2 -c" "EXTRA_COMPILER_FLAGS=-mcpu=cortex-a9 -mfpu=vfpv3 -mfloat-abi=hard -nostartfiles -g -Wall -Wextra"
"Compiling devcfg"
"Running Make libs in ps7_cortexa9_0/libsrc/dmaps_v2_4/src"
make -C ps7_cortexa9_0/libsrc/dmaps_v2_4/src -s libs  "SHELL=CMD" "COMPILER=arm-none-eabi-gcc" "ARCHIVER=arm-none-eabi-ar" "COMPILER_FLAGS=  -O2 -c" "EXTRA_COMPILER_FLAGS=-mcpu=cortex-a9 -mfpu=vfpv3 -mfloat-abi=hard -nostartfiles -g -Wall -Wextra"
"Compiling dmaps"
"Running Make libs in ps7_cortexa9_0/libsrc/emacps_v3_9/src"
make -C ps7_cortexa9_0/libsrc/emacps_v3_9/src -s libs  "SHELL=CMD" "COMPILER=arm-none-eabi-gcc" "ARCHIVER=arm-none-eabi-ar" "COMPILER_FLAGS=  -O2 -c" "EXTRA_COMPILER_FLAGS=-mcpu=cortex-a9 -mfpu=vfpv3 -mfloat-abi=hard -nostartfiles -g -Wall -Wextra"
"Compiling emacps"
"Running Make libs in ps7_cortexa9_0/libsrc/gpiops_v3_5/src"
make -C ps7_cortexa9_0/libsrc/gpiops_v3_5/src -s libs  "SHELL=CMD" "COMPILER=arm-none-eabi-gcc" "ARCHIVER=arm-none-eabi-ar" "COMPILER_FLAGS=  -O2 -c" "EXTRA_COMPILER_FLAGS=-mcpu=cortex-a9 -mfpu=vfpv3 -mfloat-abi=hard -nostartfiles -g -Wall -Wextra"
"Compiling gpiops"
"Running Make libs in ps7_cortexa9_0/libsrc/qspips_v3_6/src"
make -C ps7_cortexa9_0/libsrc/qspips_v3_6/src -s libs  "SHELL=CMD" "COMPILER=arm-none-eabi-gcc" "ARCHIVER=arm-none-eabi-ar" "COMPILER_FLAGS=  -O2 -c" "EXTRA_COMPILER_FLAGS=-mcpu=cortex-a9 -mfpu=vfpv3 -mfloat-abi=hard -nostartfiles -g -Wall -Wextra"
"Compiling qspips"
"Running Make libs in ps7_cortexa9_0/libsrc/scugic_v4_0/src"
make -C ps7_cortexa9_0/libsrc/scugic_v4_0/src -s libs  "SHELL=CMD" "COMPILER=arm-none-eabi-gcc" "ARCHIVER=arm-none-eabi-ar" "COMPILER_FLAGS=  -O2 -c" "EXTRA_COMPILER_FLAGS=-mcpu=cortex-a9 -mfpu=vfpv3 -mfloat-abi=hard -nostartfiles -g -Wall -Wextra"
"Compiling scugic"
"Running Make libs in ps7_cortexa9_0/libsrc/scutimer_v2_1/src"
make -C ps7_cortexa9_0/libsrc/scutimer_v2_1/src -s libs  "SHELL=CMD" "COMPILER=arm-none-eabi-gcc" "ARCHIVER=arm-none-eabi-ar" "COMPILER_FLAGS=  -O2 -c" "EXTRA_COMPILER_FLAGS=-mcpu=cortex-a9 -mfpu=vfpv3 -mfloat-abi=hard -nostartfiles -g -Wall -Wextra"
"Compiling scutimer"
"Running Make libs in ps7_cortexa9_0/libsrc/scuwdt_v2_1/src"
make -C ps7_cortexa9_0/libsrc/scuwdt_v2_1/src -s libs  "SHELL=CMD" "COMPILER=arm-none-eabi-gcc" "ARCHIVER=arm-none-eabi-ar" "COMPILER_FLAGS=  -O2 -c" "EXTRA_COMPILER_FLAGS=-mcpu=cortex-a9 -mfpu=vfpv3 -mfloat-abi=hard -nostartfiles -g -Wall -Wextra"
"Compiling scuwdt"
"Running Make libs in ps7_cortexa9_0/libsrc/sdps_v3_7/src"
make -C ps7_cortexa9_0/libsrc/sdps_v3_7/src -s libs  "SHELL=CMD" "COMPILER=arm-none-eabi-gcc" "ARCHIVER=arm-none-eabi-ar" "COMPILER_FLAGS=  -O2 -c" "EXTRA_COMPILER_FLAGS=-mcpu=cortex-a9 -mfpu=vfpv3 -mfloat-abi=hard -nostartfiles -g -Wall -Wextra"
"Compiling sdps"
"Running Make libs in ps7_cortexa9_0/libsrc/standalone_v7_0/src"
make -C ps7_cortexa9_0/libsrc/standalone_v7_0/src -s libs  "SHELL=CMD" "COMPILER=arm-none-eabi-gcc" "ARCHIVER=arm-none-eabi-ar" "COMPILER_FLAGS=  -O2 -c" "EXTRA_COMPILER_FLAGS=-mcpu=cortex-a9 -mfpu=vfpv3 -mfloat-abi=hard -nostartfiles -g -Wall -Wextra"
"Compiling standalone"
In file included from usleep.c:56:
xtime_l.h:87:9: note: #pragma message: For the sleep routines, Global timer is being used
 #pragma message ("For the sleep routines, Global timer is being used")
         ^~~~~~~
In file included from sleep.c:53:
xtime_l.h:87:9: note: #pragma message: For the sleep routines, Global timer is being used
 #pragma message ("For the sleep routines, Global timer is being used")
         ^~~~~~~
In file included from xil_sleeptimer.c:51:
xtime_l.h:87:9: note: #pragma message: For the sleep routines, Global timer is being used
 #pragma message ("For the sleep routines, Global timer is being used")
         ^~~~~~~
In file included from xtime_l.c:49:
xtime_l.h:87:9: note: #pragma message: For the sleep routines, Global timer is being used
 #pragma message ("For the sleep routines, Global timer is being used")
         ^~~~~~~
"Running Make libs in ps7_cortexa9_0/libsrc/uartps_v3_7/src"
make -C ps7_cortexa9_0/libsrc/uartps_v3_7/src -s libs  "SHELL=CMD" "COMPILER=arm-none-eabi-gcc" "ARCHIVER=arm-none-eabi-ar" "COMPILER_FLAGS=  -O2 -c" "EXTRA_COMPILER_FLAGS=-mcpu=cortex-a9 -mfpu=vfpv3 -mfloat-abi=hard -nostartfiles -g -Wall -Wextra"
"Compiling uartps"
"Running Make libs in ps7_cortexa9_0/libsrc/usbps_v2_4/src"
make -C ps7_cortexa9_0/libsrc/usbps_v2_4/src -s libs  "SHELL=CMD" "COMPILER=arm-none-eabi-gcc" "ARCHIVER=arm-none-eabi-ar" "COMPILER_FLAGS=  -O2 -c" "EXTRA_COMPILER_FLAGS=-mcpu=cortex-a9 -mfpu=vfpv3 -mfloat-abi=hard -nostartfiles -g -Wall -Wextra"
"Compiling usbps"
"Running Make libs in ps7_cortexa9_0/libsrc/xadcps_v2_3/src"
make -C ps7_cortexa9_0/libsrc/xadcps_v2_3/src -s libs  "SHELL=CMD" "COMPILER=arm-none-eabi-gcc" "ARCHIVER=arm-none-eabi-ar" "COMPILER_FLAGS=  -O2 -c" "EXTRA_COMPILER_FLAGS=-mcpu=cortex-a9 -mfpu=vfpv3 -mfloat-abi=hard -nostartfiles -g -Wall -Wextra"
"Compiling xadcps"
'Finished building libraries'
19:22:10 **** Auto Build of configuration Debug for project AES ****
make pre-build main-build 
a9-linaro-pre-build-step
' '
'Building file: ../src/main.c'
'Invoking: ARM v7 gcc compiler'
arm-none-eabi-gcc -Wall -O0 -g3 -c -fmessage-length=0 -MT"src/main.o" -mcpu=cortex-a9 -mfpu=vfpv3 -mfloat-abi=hard -I../../AES_bsp/ps7_cortexa9_0/include -MMD -MP -MF"src/main.d" -MT"src/main.o" -o "src/main.o" "../src/main.c"
../src/main.c: In function 'main':
../src/main.c:21:11: warning: format '%d' expects argument of type 'int *', but argument 2 has type 'u32 *' {aka 'long unsigned int *'} [-Wformat=]
   scanf("%d", &sel);
          ~^   ~~~~
          %ld
../src/main.c:22:12: warning: format '%d' expects argument of type 'int', but argument 2 has type 'u32' {aka 'long unsigned int'} [-Wformat=]
   printf("%d\r\n", sel);
           ~^       ~~~
           %ld
../src/main.c:27:12: warning: format '%x' expects argument of type 'unsigned int *', but argument 2 has type 'u32 *' {aka 'long unsigned int *'} [-Wformat=]
    scanf("%x", &in4);
           ~^   ~~~~
           %lx
../src/main.c:28:13: warning: format '%x' expects argument of type 'unsigned int', but argument 2 has type 'u32' {aka 'long unsigned int'} [-Wformat=]
    printf("%x\r\n", in4);
            ~^       ~~~
            %lx
../src/main.c:30:12: warning: format '%x' expects argument of type 'unsigned int *', but argument 2 has type 'u32 *' {aka 'long unsigned int *'} [-Wformat=]
    scanf("%x", &in3);
           ~^   ~~~~
           %lx
../src/main.c:31:13: warning: format '%x' expects argument of type 'unsigned int', but argument 2 has type 'u32' {aka 'long unsigned int'} [-Wformat=]
    printf("%x\r\n", in3);
            ~^       ~~~
            %lx
../src/main.c:33:12: warning: format '%x' expects argument of type 'unsigned int *', but argument 2 has type 'u32 *' {aka 'long unsigned int *'} [-Wformat=]
    scanf("%x", &in2);
           ~^   ~~~~
           %lx
../src/main.c:34:13: warning: format '%x' expects argument of type 'unsigned int', but argument 2 has type 'u32' {aka 'long unsigned int'} [-Wformat=]
    printf("%x\r\n", in2);
            ~^       ~~~
            %lx
../src/main.c:36:12: warning: format '%x' expects argument of type 'unsigned int *', but argument 2 has type 'u32 *' {aka 'long unsigned int *'} [-Wformat=]
    scanf("%x", &in1);
           ~^   ~~~~
           %lx
../src/main.c:37:13: warning: format '%x' expects argument of type 'unsigned int', but argument 2 has type 'u32' {aka 'long unsigned int'} [-Wformat=]
    printf("%x\r\n", in1);
            ~^       ~~~
            %lx
../src/main.c:41:12: warning: format '%x' expects argument of type 'unsigned int *', but argument 2 has type 'u32 *' {aka 'long unsigned int *'} [-Wformat=]
    scanf("%x", &in4);
           ~^   ~~~~
           %lx
../src/main.c:42:13: warning: format '%x' expects argument of type 'unsigned int', but argument 2 has type 'u32' {aka 'long unsigned int'} [-Wformat=]
    printf("%x\r\n", in4);
            ~^       ~~~
            %lx
../src/main.c:44:12: warning: format '%x' expects argument of type 'unsigned int *', but argument 2 has type 'u32 *' {aka 'long unsigned int *'} [-Wformat=]
    scanf("%x", &in3);
           ~^   ~~~~
           %lx
../src/main.c:45:13: warning: format '%x' expects argument of type 'unsigned int', but argument 2 has type 'u32' {aka 'long unsigned int'} [-Wformat=]
    printf("%x\r\n", in3);
            ~^       ~~~
            %lx
../src/main.c:47:12: warning: format '%x' expects argument of type 'unsigned int *', but argument 2 has type 'u32 *' {aka 'long unsigned int *'} [-Wformat=]
    scanf("%x", &in2);
           ~^   ~~~~
           %lx
../src/main.c:48:13: warning: format '%x' expects argument of type 'unsigned int', but argument 2 has type 'u32' {aka 'long unsigned int'} [-Wformat=]
    printf("%x\r\n", in2);
            ~^       ~~~
            %lx
../src/main.c:50:12: warning: format '%x' expects argument of type 'unsigned int *', but argument 2 has type 'u32 *' {aka 'long unsigned int *'} [-Wformat=]
    scanf("%x", &in1);
           ~^   ~~~~
           %lx
../src/main.c:51:13: warning: format '%x' expects argument of type 'unsigned int', but argument 2 has type 'u32' {aka 'long unsigned int'} [-Wformat=]
    printf("%x\r\n", in1);
            ~^       ~~~
            %lx
../src/main.c:60:11: warning: format '%x' expects argument of type 'unsigned int *', but argument 2 has type 'u32 *' {aka 'long unsigned int *'} [-Wformat=]
   scanf("%x", &Key4);
          ~^   ~~~~~
          %lx
../src/main.c:61:12: warning: format '%x' expects argument of type 'unsigned int', but argument 2 has type 'u32' {aka 'long unsigned int'} [-Wformat=]
   printf("%x\r\n", Key4);
           ~^       ~~~~
           %lx
../src/main.c:63:11: warning: format '%x' expects argument of type 'unsigned int *', but argument 2 has type 'u32 *' {aka 'long unsigned int *'} [-Wformat=]
   scanf("%x", &Key3);
          ~^   ~~~~~
          %lx
../src/main.c:64:12: warning: format '%x' expects argument of type 'unsigned int', but argument 2 has type 'u32' {aka 'long unsigned int'} [-Wformat=]
   printf("%x\r\n", Key3);
           ~^       ~~~~
           %lx
../src/main.c:66:11: warning: format '%x' expects argument of type 'unsigned int *', but argument 2 has type 'u32 *' {aka 'long unsigned int *'} [-Wformat=]
   scanf("%x", &Key2);
          ~^   ~~~~~
          %lx
../src/main.c:67:12: warning: format '%x' expects argument of type 'unsigned int', but argument 2 has type 'u32' {aka 'long unsigned int'} [-Wformat=]
   printf("%x\r\n", Key2);
           ~^       ~~~~
           %lx
../src/main.c:69:11: warning: format '%x' expects argument of type 'unsigned int *', but argument 2 has type 'u32 *' {aka 'long unsigned int *'} [-Wformat=]
   scanf("%x", &Key1);
          ~^   ~~~~~
          %lx
../src/main.c:70:12: warning: format '%x' expects argument of type 'unsigned int', but argument 2 has type 'u32' {aka 'long unsigned int'} [-Wformat=]
   printf("%x\r\n", Key1);
           ~^       ~~~~
           %lx
../src/main.c:89:31: warning: format '%x' expects argument of type 'unsigned int', but argument 2 has type 'u32' {aka 'long unsigned int'} [-Wformat=]
    printf("Encryption result:%x %x %x %x\r\n\r\n", out4, out3, out2, out1);
                              ~^                    ~~~~
                              %lx
../src/main.c:89:34: warning: format '%x' expects argument of type 'unsigned int', but argument 3 has type 'u32' {aka 'long unsigned int'} [-Wformat=]
    printf("Encryption result:%x %x %x %x\r\n\r\n", out4, out3, out2, out1);
                                 ~^                       ~~~~
                                 %lx
../src/main.c:89:37: warning: format '%x' expects argument of type 'unsigned int', but argument 4 has type 'u32' {aka 'long unsigned int'} [-Wformat=]
    printf("Encryption result:%x %x %x %x\r\n\r\n", out4, out3, out2, out1);
                                    ~^                          ~~~~
                                    %lx
../src/main.c:89:40: warning: format '%x' expects argument of type 'unsigned int', but argument 5 has type 'u32' {aka 'long unsigned int'} [-Wformat=]
    printf("Encryption result:%x %x %x %x\r\n\r\n", out4, out3, out2, out1);
                                       ~^                             ~~~~
                                       %lx
../src/main.c:91:31: warning: format '%x' expects argument of type 'unsigned int', but argument 2 has type 'u32' {aka 'long unsigned int'} [-Wformat=]
    printf("Decryption result:%x %x %x %x\r\n\r\n", out4, out3, out2, out1);
                              ~^                    ~~~~
                              %lx
../src/main.c:91:34: warning: format '%x' expects argument of type 'unsigned int', but argument 3 has type 'u32' {aka 'long unsigned int'} [-Wformat=]
    printf("Decryption result:%x %x %x %x\r\n\r\n", out4, out3, out2, out1);
                                 ~^                       ~~~~
                                 %lx
../src/main.c:91:37: warning: format '%x' expects argument of type 'unsigned int', but argument 4 has type 'u32' {aka 'long unsigned int'} [-Wformat=]
    printf("Decryption result:%x %x %x %x\r\n\r\n", out4, out3, out2, out1);
                                    ~^                          ~~~~
                                    %lx
../src/main.c:91:40: warning: format '%x' expects argument of type 'unsigned int', but argument 5 has type 'u32' {aka 'long unsigned int'} [-Wformat=]
    printf("Decryption result:%x %x %x %x\r\n\r\n", out4, out3, out2, out1);
                                       ~^                             ~~~~
                                       %lx
'Finished building: ../src/main.c'
' '
'Building target: AES.elf'
'Invoking: ARM v7 gcc linker'
arm-none-eabi-gcc -mcpu=cortex-a9 -mfpu=vfpv3 -mfloat-abi=hard -Wl,-build-id=none -specs=Xilinx.spec -Wl,-T -Wl,../src/lscript.ld -L../../AES_bsp/ps7_cortexa9_0/lib -o "AES.elf"  ./src/main.o   -Wl,--start-group,-lxil,-lgcc,-lc,--end-group
'Finished building target: AES.elf'
' '
'Invoking: ARM v7 Print Size'
arm-none-eabi-size AES.elf  |tee "AES.elf.size"
   text	   data	    bss	    dec	    hex	filename
  99732	   2584	  23328	 125644	  1eacc	AES.elf
'Finished building: AES.elf.size'
' '
19:24:12 **** Incremental Build of configuration Debug for project AES ****
make pre-build main-build 
a9-linaro-pre-build-step
' '
make: Nothing to be done for 'main-build'.
